<?xml version="1.0" encoding="UTF-8"?>
<testsuites name="Create table" time="90" tests="1" failures="1" errors="0">
   <testsuite name="Create table" tests="1" failures="1" errors="0" time="90" timestamp="2018-02-19 10:54:49" hostname="21529 - ws-3591.oasup.pnppk.ru" id="Test Suites/Create table">
      <properties>
         <property name="deviceName" value=""/>
         <property name="devicePlatform" value=""/>
         <property name="logFolder" value="C:\\Users\\21529\\Katalon Studio\\First sample\\Reports\\Create table\\20180219_105448"/>
         <property name="logFiles" value="C:\\Users\\21529\\Katalon Studio\\First sample\\Reports\\Create table\\20180219_105448\\execution0.log"/>
         <property name="attachments" value="C:\\Users\\21529\\Katalon Studio\\First sample\\Reports\\Create table\\20180219_105448\\1519019779182.png"/>
         <property name="hostName" value="21529 - ws-3591.oasup.pnppk.ru"/>
         <property name="os" value="Windows 7 64bit"/>
         <property name="katalonVersion" value="5.3.0.1"/>
         <property name="browser" value="Chrome 63.0.3239.132"/>
         <property name="hostAddress" value="192.168.11.160"/>
         <property name="sessionId" value="f6ec3e3374e6e3361c6495729091ebb3"/>
         <property name="seleniumVersion" value="3.7.1"/>
         <property name="proxyInformation" value="ProxyInformation{proxyOption=NO_PROXY, proxyServerType=HTTP, password=, proxyServerAddress=, proxyServerPort=0}"/>
         <property name="platform" value="Windows 7"/>
      </properties>
      <testcase name="Test Cases/Authorization_Admin" classname="Test Cases/Authorization_Admin" status="PASSED">
         <system-out><![CDATA[2018-02-19 10:54:49 - [TEST_CASE][PASSED] - Test Cases/Authorization_Admin: Test Cases/Authorization_Admin

2018-02-19 10:54:49 - [TEST_STEP][PASSED] - openBrowser: Browser is opened with url: 'http://vszokdb2:55555/#/login'

2018-02-19 10:54:54 - [MESSAGE][PASSED] - Browser is opened with url: 'http://vszokdb2:55555/#/login'

2018-02-19 10:54:54 - [TEST_STEP][PASSED] - maximizeWindow: Current window maximized

2018-02-19 10:54:56 - [MESSAGE][PASSED] - Current window maximized

2018-02-19 10:54:56 - [TEST_STEP][PASSED] - waitForElementPresent: Object 'Object Repository/Authorization/input_login' is present

2018-02-19 10:54:56 - [MESSAGE][PASSED] - Object 'Object Repository/Authorization/input_login' is present

2018-02-19 10:54:56 - [TEST_STEP][PASSED] - setText: Text '777' is set on object 'Object Repository/Authorization/input_login'

2018-02-19 10:54:56 - [MESSAGE][PASSED] - Text '777' is set on object 'Object Repository/Authorization/input_login'

2018-02-19 10:54:56 - [TEST_STEP][PASSED] - setText: Text '7p15j9w2a' is set on object 'Object Repository/Authorization/input_password'

2018-02-19 10:54:56 - [MESSAGE][PASSED] - Text '7p15j9w2a' is set on object 'Object Repository/Authorization/input_password'

2018-02-19 10:54:56 - [TEST_STEP][PASSED] - click: Object: 'Object Repository/Authorization/btn_login' is clicked on

2018-02-19 10:54:56 - [MESSAGE][PASSED] - Object: 'Object Repository/Authorization/btn_login' is clicked on]]></system-out>
         <system-err><![CDATA[]]></system-err>
      </testcase>
      <testcase name="Test Cases/Create_Table" classname="Test Cases/Create_Table" status="FAILED">
         <failure type="FAILED" message="Unable to click on object 'Object Repository/Table_designer/btn_create_column' (Root cause: com.kms.katalon.core.webui.exception.WebElementNotFoundException: Web element with id: 'Object Repository/Table_designer/btn_create_column' located by 'By.xpath: //*[@id=&quot;blockContainer&quot;]/div/div/div/div[2]/div/div[2]/div[2]/div[1]/div[2]/div[1]/span[2]/button[1]' not found)"/>
         <system-out><![CDATA[2018-02-19 10:54:56 - [TEST_CASE][FAILED] - Test Cases/Create_Table: Test Cases/Create_Table FAILED because (of) Unable to click on object 'Object Repository/Table_designer/btn_create_column' (Root cause: com.kms.katalon.core.webui.exception.WebElementNotFoundException: Web element with id: 'Object Repository/Table_designer/btn_create_column' located by 'By.xpath: //*[@id="blockContainer"]/div/div/div/div[2]/div/div[2]/div[2]/div[1]/div[2]/div[1]/span[2]/button[1]' not found)

2018-02-19 10:54:56 - [TEST_STEP][PASSED] - navigateToUrl: Navigate to 'http://vszokdb2:55555/#/admin/data/hierarchy' successfully

2018-02-19 10:54:56 - [MESSAGE][PASSED] - Navigate to 'http://vszokdb2:55555/#/admin/data/hierarchy' successfully

2018-02-19 10:54:56 - [TEST_STEP][PASSED] - waitForElementPresent: Object 'Object Repository/Table_designer/All_objects' is present

2018-02-19 10:54:58 - [MESSAGE][PASSED] - Object 'Object Repository/Table_designer/All_objects' is present

2018-02-19 10:54:58 - [TEST_STEP][PASSED] - click: Object: 'Object Repository/Table_designer/All_objects' is clicked on

2018-02-19 10:54:58 - [MESSAGE][PASSED] - Object: 'Object Repository/Table_designer/All_objects' is clicked on

2018-02-19 10:54:58 - [TEST_STEP][PASSED] - click: Object: 'Object Repository/Table_designer/btn_create_table' is clicked on

2018-02-19 10:55:02 - [MESSAGE][PASSED] - Object: 'Object Repository/Table_designer/btn_create_table' is clicked on

2018-02-19 10:55:02 - [TEST_STEP][PASSED] - waitForElementPresent: Object 'Object Repository/Table_designer/input_table-name' is present

2018-02-19 10:55:07 - [MESSAGE][PASSED] - Object 'Object Repository/Table_designer/input_table-name' is present

2018-02-19 10:55:07 - [TEST_STEP][PASSED] - setText: Text 'Тестовая таблица' is set on object 'Object Repository/Table_designer/input_table-name'

2018-02-19 10:55:07 - [MESSAGE][PASSED] - Text 'Тестовая таблица' is set on object 'Object Repository/Table_designer/input_table-name'

2018-02-19 10:55:07 - [TEST_STEP][PASSED] - waitForElementPresent: Object 'Object Repository/Table_designer/btn_create_column' is not present after 40 second(s)

2018-02-19 10:55:48 - [MESSAGE][WARNING] - Object 'Object Repository/Table_designer/btn_create_column' is not present after 40 second(s)

2018-02-19 10:55:48 - [TEST_STEP][FAILED] - click: Unable to click on object 'Object Repository/Table_designer/btn_create_column' (Root cause: com.kms.katalon.core.webui.exception.WebElementNotFoundException: Web element with id: 'Object Repository/Table_designer/btn_create_column' located by 'By.xpath: //*[@id="blockContainer"]/div/div/div/div[2]/div/div[2]/div[2]/div[1]/div[2]/div[1]/span[2]/button[1]' not found)

2018-02-19 10:56:19 - [MESSAGE][FAILED] - Unable to click on object 'Object Repository/Table_designer/btn_create_column' (Root cause: com.kms.katalon.core.webui.exception.WebElementNotFoundException: Web element with id: 'Object Repository/Table_designer/btn_create_column' located by 'By.xpath: //*[@id="blockContainer"]/div/div/div/div[2]/div/div[2]/div[2]/div[1]/div[2]/div[1]/span[2]/button[1]' not found)
[[ATTACHMENT|C:\\Users\\21529\\Katalon Studio\\First sample\\Reports\\Create table\\20180219_105448\\1519019779182.png]]]]></system-out>
         <system-err><![CDATA[2018-02-19 10:54:56 - [TEST_CASE][FAILED] - Test Cases/Create_Table: Test Cases/Create_Table FAILED because (of) Unable to click on object 'Object Repository/Table_designer/btn_create_column' (Root cause: com.kms.katalon.core.webui.exception.WebElementNotFoundException: Web element with id: 'Object Repository/Table_designer/btn_create_column' located by 'By.xpath: //*[@id="blockContainer"]/div/div/div/div[2]/div/div[2]/div[2]/div[1]/div[2]/div[1]/span[2]/button[1]' not found)]]></system-err>
      </testcase>
      <system-out><![CDATA[2018-02-19 10:54:49 - [TEST_SUITE][FAILED] - Create table: Test Cases/Create_Table FAILED because (of) Unable to click on object 'Object Repository/Table_designer/btn_create_column' (Root cause: com.kms.katalon.core.webui.exception.WebElementNotFoundException: Web element with id: 'Object Repository/Table_designer/btn_create_column' located by 'By.xpath: //*[@id="blockContainer"]/div/div/div/div[2]/div/div[2]/div[2]/div[1]/div[2]/div[1]/span[2]/button[1]' not found)]]></system-out>
      <system-err><![CDATA[2018-02-19 10:54:49 - [TEST_SUITE][FAILED] - Create table: Test Cases/Create_Table FAILED because (of) Unable to click on object 'Object Repository/Table_designer/btn_create_column' (Root cause: com.kms.katalon.core.webui.exception.WebElementNotFoundException: Web element with id: 'Object Repository/Table_designer/btn_create_column' located by 'By.xpath: //*[@id="blockContainer"]/div/div/div/div[2]/div/div[2]/div[2]/div[1]/div[2]/div[1]/span[2]/button[1]' not found)]]></system-err>
   </testsuite>
</testsuites>
