<?xml version="1.0" encoding="UTF-8"?>
<testsuites name="Create table" time="49" tests="1" failures="1" errors="0">
   <testsuite name="Create table" tests="1" failures="1" errors="0" time="49" timestamp="2018-03-12 12:54:28" hostname="21529 - ws-3591.oasup.pnppk.ru" id="Test Suites/Create table">
      <properties>
         <property name="deviceName" value=""/>
         <property name="devicePlatform" value=""/>
         <property name="logFolder" value="C:\\Users\\21529\\Katalon Studio\\First sample\\Reports\\Create table\\20180312_125426"/>
         <property name="logFiles" value="C:\\Users\\21529\\Katalon Studio\\First sample\\Reports\\Create table\\20180312_125426\\execution0.log"/>
         <property name="attachments" value="C:\\Users\\21529\\Katalon Studio\\First sample\\Reports\\Create table\\20180312_125426\\1520841317117.png"/>
         <property name="hostName" value="21529 - ws-3591.oasup.pnppk.ru"/>
         <property name="os" value="Windows 7 64bit"/>
         <property name="katalonVersion" value="5.3.1.1"/>
         <property name="browser" value="Chrome 65.0.3325.146"/>
         <property name="hostAddress" value="192.168.11.76"/>
         <property name="sessionId" value="eddbaf64aa6c3eef45ecb3391fb1c5fc"/>
         <property name="seleniumVersion" value="3.7.1"/>
         <property name="proxyInformation" value="ProxyInformation{proxyOption=NO_PROXY, proxyServerType=HTTP, password=, proxyServerAddress=, proxyServerPort=0}"/>
         <property name="platform" value="Windows 7"/>
      </properties>
      <testcase name="Test Cases/Authorization_Admin" classname="Test Cases/Authorization_Admin" status="PASSED">
         <system-out><![CDATA[2018-03-12 12:54:28 - [TEST_CASE][PASSED] - Test Cases/Authorization_Admin: Test Cases/Authorization_Admin

2018-03-12 12:54:28 - [TEST_STEP][PASSED] - openBrowser: Browser is opened with url: 'http://vszokdb2:55555/#/login'

2018-03-12 12:54:33 - [MESSAGE][PASSED] - Browser is opened with url: 'http://vszokdb2:55555/#/login'

2018-03-12 12:54:33 - [TEST_STEP][PASSED] - maximizeWindow: Current window maximized

2018-03-12 12:54:35 - [MESSAGE][PASSED] - Current window maximized

2018-03-12 12:54:35 - [TEST_STEP][PASSED] - waitForElementPresent: Object 'Object Repository/Authorization/input_login' is present

2018-03-12 12:54:35 - [MESSAGE][PASSED] - Object 'Object Repository/Authorization/input_login' is present

2018-03-12 12:54:35 - [TEST_STEP][PASSED] - setText: Text '777' is set on object 'Object Repository/Authorization/input_login'

2018-03-12 12:54:35 - [MESSAGE][PASSED] - Text '777' is set on object 'Object Repository/Authorization/input_login'

2018-03-12 12:54:35 - [TEST_STEP][PASSED] - setText: Text '7p15j9w2a' is set on object 'Object Repository/Authorization/input_password'

2018-03-12 12:54:35 - [MESSAGE][PASSED] - Text '7p15j9w2a' is set on object 'Object Repository/Authorization/input_password'

2018-03-12 12:54:35 - [TEST_STEP][PASSED] - click: Object: 'Object Repository/Authorization/btn_login' is clicked on

2018-03-12 12:54:35 - [MESSAGE][PASSED] - Object: 'Object Repository/Authorization/btn_login' is clicked on]]></system-out>
         <system-err><![CDATA[]]></system-err>
      </testcase>
      <testcase name="Test Cases/Create_Table" classname="Test Cases/Create_Table" status="FAILED">
         <failure type="FAILED" message="Unable to click on object 'Object Repository/Table_designer/btn_create_internal_column' (Root cause: com.kms.katalon.core.webui.exception.WebElementNotFoundException: Web element with id: 'Object Repository/Table_designer/btn_create_internal_column' located by 'By.xpath: //div[contains(@class,&quot;panel-body&quot;)][contains(@class,&quot;inner-flex-stretch&quot;)]//i[contains(@class, &quot;cursor-pointer&quot;)][contains(@ng-click,&quot;treeWorker.addColumn(node)&quot;) and ancestor-or-self::*[@visible='True']]' not found)"/>
         <system-out><![CDATA[2018-03-12 12:54:35 - [TEST_CASE][FAILED] - Test Cases/Create_Table: Test Cases/Create_Table FAILED because (of) Unable to click on object 'Object Repository/Table_designer/btn_create_internal_column' (Root cause: com.kms.katalon.core.webui.exception.WebElementNotFoundException: Web element with id: 'Object Repository/Table_designer/btn_create_internal_column' located by 'By.xpath: //div[contains(@class,"panel-body")][contains(@class,"inner-flex-stretch")]//i[contains(@class, "cursor-pointer")][contains(@ng-click,"treeWorker.addColumn(node)") and ancestor-or-self::*[@visible='True']]' not found)

2018-03-12 12:54:35 - [TEST_STEP][PASSED] - waitForElementPresent: Object 'Object Repository/Table_designer/All_objects' is present

2018-03-12 12:54:37 - [MESSAGE][PASSED] - Object 'Object Repository/Table_designer/All_objects' is present

2018-03-12 12:54:37 - [TEST_STEP][PASSED] - click: Object: 'Object Repository/Table_designer/All_objects' is clicked on

2018-03-12 12:54:37 - [MESSAGE][PASSED] - Object: 'Object Repository/Table_designer/All_objects' is clicked on

2018-03-12 12:54:37 - [TEST_STEP][PASSED] - click: Object: 'Object Repository/Table_designer/btn_create_table' is clicked on

2018-03-12 12:54:40 - [MESSAGE][PASSED] - Object: 'Object Repository/Table_designer/btn_create_table' is clicked on

2018-03-12 12:54:40 - [TEST_STEP][PASSED] - waitForElementPresent: Object 'Object Repository/Table_designer/input_table-name' is present

2018-03-12 12:54:45 - [MESSAGE][PASSED] - Object 'Object Repository/Table_designer/input_table-name' is present

2018-03-12 12:54:45 - [TEST_STEP][PASSED] - setText: Text 'Тестовая таблица' is set on object 'Object Repository/Table_designer/input_table-name'

2018-03-12 12:54:45 - [MESSAGE][PASSED] - Text 'Тестовая таблица' is set on object 'Object Repository/Table_designer/input_table-name'

2018-03-12 12:54:45 - [TEST_STEP][PASSED] - waitForElementPresent: Object 'Object Repository/Table_designer/btn_create_column' is present

2018-03-12 12:54:45 - [MESSAGE][PASSED] - Object 'Object Repository/Table_designer/btn_create_column' is present

2018-03-12 12:54:45 - [TEST_STEP][PASSED] - click: Object: 'Object Repository/Table_designer/btn_create_column' is clicked on

2018-03-12 12:54:45 - [MESSAGE][PASSED] - Object: 'Object Repository/Table_designer/btn_create_column' is clicked on

2018-03-12 12:54:45 - [TEST_STEP][PASSED] - click: Object: 'Object Repository/Table_designer/Column1_id' is clicked on

2018-03-12 12:54:45 - [MESSAGE][PASSED] - Object: 'Object Repository/Table_designer/Column1_id' is clicked on

2018-03-12 12:54:45 - [TEST_STEP][PASSED] - click: Object: 'Object Repository/Table_designer/input_name' is clicked on

2018-03-12 12:54:45 - [MESSAGE][PASSED] - Object: 'Object Repository/Table_designer/input_name' is clicked on

2018-03-12 12:54:45 - [TEST_STEP][PASSED] - setText: Text 'Номер по порядку' is set on object 'Object Repository/Table_designer/input_name'

2018-03-12 12:54:45 - [MESSAGE][PASSED] - Text 'Номер по порядку' is set on object 'Object Repository/Table_designer/input_name'

2018-03-12 12:54:45 - [TEST_STEP][PASSED] - click: Object: 'Object Repository/Table_designer/Span_field_types' is clicked on

2018-03-12 12:54:45 - [MESSAGE][PASSED] - Object: 'Object Repository/Table_designer/Span_field_types' is clicked on

2018-03-12 12:54:45 - [TEST_STEP][PASSED] - click: Object: 'Object Repository/Table_designer/Choose_integer' is clicked on

2018-03-12 12:54:46 - [MESSAGE][PASSED] - Object: 'Object Repository/Table_designer/Choose_integer' is clicked on

2018-03-12 12:54:46 - [TEST_STEP][PASSED] - click: Object: 'Object Repository/Table_designer/btn_create_column' is clicked on

2018-03-12 12:54:46 - [MESSAGE][PASSED] - Object: 'Object Repository/Table_designer/btn_create_column' is clicked on

2018-03-12 12:54:46 - [TEST_STEP][PASSED] - click: Object: 'Object Repository/Table_designer/Column2_string' is clicked on

2018-03-12 12:54:46 - [MESSAGE][PASSED] - Object: 'Object Repository/Table_designer/Column2_string' is clicked on

2018-03-12 12:54:46 - [TEST_STEP][PASSED] - setText: Text 'Строка' is set on object 'Object Repository/Table_designer/input_name'

2018-03-12 12:54:46 - [MESSAGE][PASSED] - Text 'Строка' is set on object 'Object Repository/Table_designer/input_name'

2018-03-12 12:54:46 - [TEST_STEP][PASSED] - click: Object: 'Object Repository/Table_designer/btn_create_column_group' is clicked on

2018-03-12 12:54:46 - [MESSAGE][PASSED] - Object: 'Object Repository/Table_designer/btn_create_column_group' is clicked on

2018-03-12 12:54:46 - [TEST_STEP][PASSED] - click: Object: 'Object Repository/Table_designer/column_group' is clicked on

2018-03-12 12:54:46 - [MESSAGE][PASSED] - Object: 'Object Repository/Table_designer/column_group' is clicked on

2018-03-12 12:54:46 - [TEST_STEP][FAILED] - click: Unable to click on object 'Object Repository/Table_designer/btn_create_internal_column' (Root cause: com.kms.katalon.core.webui.exception.WebElementNotFoundException: Web element with id: 'Object Repository/Table_designer/btn_create_internal_column' located by 'By.xpath: //div[contains(@class,"panel-body")][contains(@class,"inner-flex-stretch")]//i[contains(@class, "cursor-pointer")][contains(@ng-click,"treeWorker.addColumn(node)") and ancestor-or-self::*[@visible='True']]' not found)

2018-03-12 12:55:17 - [MESSAGE][FAILED] - Unable to click on object 'Object Repository/Table_designer/btn_create_internal_column' (Root cause: com.kms.katalon.core.webui.exception.WebElementNotFoundException: Web element with id: 'Object Repository/Table_designer/btn_create_internal_column' located by 'By.xpath: //div[contains(@class,"panel-body")][contains(@class,"inner-flex-stretch")]//i[contains(@class, "cursor-pointer")][contains(@ng-click,"treeWorker.addColumn(node)") and ancestor-or-self::*[@visible='True']]' not found)
[[ATTACHMENT|C:\\Users\\21529\\Katalon Studio\\First sample\\Reports\\Create table\\20180312_125426\\1520841317117.png]]]]></system-out>
         <system-err><![CDATA[2018-03-12 12:54:35 - [TEST_CASE][FAILED] - Test Cases/Create_Table: Test Cases/Create_Table FAILED because (of) Unable to click on object 'Object Repository/Table_designer/btn_create_internal_column' (Root cause: com.kms.katalon.core.webui.exception.WebElementNotFoundException: Web element with id: 'Object Repository/Table_designer/btn_create_internal_column' located by 'By.xpath: //div[contains(@class,"panel-body")][contains(@class,"inner-flex-stretch")]//i[contains(@class, "cursor-pointer")][contains(@ng-click,"treeWorker.addColumn(node)") and ancestor-or-self::*[@visible='True']]' not found)]]></system-err>
      </testcase>
      <system-out><![CDATA[2018-03-12 12:54:28 - [TEST_SUITE][FAILED] - Create table: Test Cases/Create_Table FAILED because (of) Unable to click on object 'Object Repository/Table_designer/btn_create_internal_column' (Root cause: com.kms.katalon.core.webui.exception.WebElementNotFoundException: Web element with id: 'Object Repository/Table_designer/btn_create_internal_column' located by 'By.xpath: //div[contains(@class,"panel-body")][contains(@class,"inner-flex-stretch")]//i[contains(@class, "cursor-pointer")][contains(@ng-click,"treeWorker.addColumn(node)") and ancestor-or-self::*[@visible='True']]' not found)]]></system-out>
      <system-err><![CDATA[2018-03-12 12:54:28 - [TEST_SUITE][FAILED] - Create table: Test Cases/Create_Table FAILED because (of) Unable to click on object 'Object Repository/Table_designer/btn_create_internal_column' (Root cause: com.kms.katalon.core.webui.exception.WebElementNotFoundException: Web element with id: 'Object Repository/Table_designer/btn_create_internal_column' located by 'By.xpath: //div[contains(@class,"panel-body")][contains(@class,"inner-flex-stretch")]//i[contains(@class, "cursor-pointer")][contains(@ng-click,"treeWorker.addColumn(node)") and ancestor-or-self::*[@visible='True']]' not found)]]></system-err>
   </testsuite>
</testsuites>
