<?xml version="1.0" encoding="UTF-8"?>
<testsuites name="Create new Role" time="13" tests="2" failures="0" errors="0">
   <testsuite name="Create new Role" tests="2" failures="0" errors="0" time="13" timestamp="2018-02-06 14:32:21" hostname="21529 - ws-3591.oasup.pnppk.ru" id="Test Suites/Create new Role">
      <properties>
         <property name="deviceName" value=""/>
         <property name="devicePlatform" value=""/>
         <property name="logFolder" value="C:\\Users\\21529\\Katalon Studio\\First sample\\Reports\\Create new Role\\20180206_143220"/>
         <property name="logFiles" value="C:\\Users\\21529\\Katalon Studio\\First sample\\Reports\\Create new Role\\20180206_143220\\execution0.log"/>
         <property name="attachments" value=""/>
         <property name="hostName" value="21529 - ws-3591.oasup.pnppk.ru"/>
         <property name="os" value="Windows 7 64bit"/>
         <property name="katalonVersion" value="5.3.0.1"/>
         <property name="browser" value="Chrome 63.0.3239.132"/>
         <property name="hostAddress" value="192.168.66.170"/>
         <property name="sessionId" value="7c0baa2c8a0543776c85dcedd9dd5af0"/>
         <property name="seleniumVersion" value="3.7.1"/>
         <property name="proxyInformation" value="ProxyInformation{proxyOption=NO_PROXY, proxyServerType=HTTP, password=, proxyServerAddress=, proxyServerPort=0}"/>
         <property name="platform" value="Windows 7"/>
      </properties>
      <testcase name="Test Cases/Authorization_Admin" classname="Test Cases/Authorization_Admin" status="PASSED">
         <system-out><![CDATA[2018-02-06 14:32:21 - [TEST_CASE][PASSED] - Test Cases/Authorization_Admin: Test Cases/Authorization_Admin

2018-02-06 14:32:21 - [TEST_STEP][PASSED] - openBrowser: Browser is opened with url: 'http://vszokdb2:55555/#/login'

2018-02-06 14:32:27 - [MESSAGE][PASSED] - Browser is opened with url: 'http://vszokdb2:55555/#/login'

2018-02-06 14:32:27 - [TEST_STEP][PASSED] - maximizeWindow: Current window maximized

2018-02-06 14:32:28 - [MESSAGE][PASSED] - Current window maximized

2018-02-06 14:32:28 - [TEST_STEP][PASSED] - waitForElementPresent: Object 'Object Repository/Page_logipass/input_login' is present

2018-02-06 14:32:28 - [MESSAGE][PASSED] - Object 'Object Repository/Page_logipass/input_login' is present

2018-02-06 14:32:28 - [TEST_STEP][PASSED] - setText: Text '777' is set on object 'Object Repository/Page_logipass/input_login'

2018-02-06 14:32:28 - [MESSAGE][PASSED] - Text '777' is set on object 'Object Repository/Page_logipass/input_login'

2018-02-06 14:32:28 - [TEST_STEP][PASSED] - setText: Text '7p15j9w2a' is set on object 'Object Repository/Page_logipass/input_password'

2018-02-06 14:32:29 - [MESSAGE][PASSED] - Text '7p15j9w2a' is set on object 'Object Repository/Page_logipass/input_password'

2018-02-06 14:32:29 - [TEST_STEP][PASSED] - click: Object: 'Object Repository/Page_logipass/btn_login' is clicked on

2018-02-06 14:32:29 - [MESSAGE][PASSED] - Object: 'Object Repository/Page_logipass/btn_login' is clicked on]]></system-out>
         <system-err><![CDATA[]]></system-err>
      </testcase>
      <testcase name="Test Cases/Create_Role" classname="Test Cases/Create_Role" status="PASSED">
         <system-out><![CDATA[2018-02-06 14:32:29 - [TEST_CASE][PASSED] - Test Cases/Create_Role: Test Cases/Create_Role

2018-02-06 14:32:29 - [TEST_STEP][PASSED] - navigateToUrl: Navigate to 'http://vszokdb2:55555/#/admin/data/hierarchy' successfully

2018-02-06 14:32:29 - [MESSAGE][PASSED] - Navigate to 'http://vszokdb2:55555/#/admin/data/hierarchy' successfully

2018-02-06 14:32:29 - [TEST_STEP][PASSED] - waitForElementPresent: Object 'Object Repository/Roles/span_Roles' is present

2018-02-06 14:32:29 - [MESSAGE][PASSED] - Object 'Object Repository/Roles/span_Roles' is present

2018-02-06 14:32:29 - [TEST_STEP][PASSED] - click: Object: 'Object Repository/Roles/span_Roles' is clicked on

2018-02-06 14:32:30 - [MESSAGE][PASSED] - Object: 'Object Repository/Roles/span_Roles' is clicked on

2018-02-06 14:32:30 - [TEST_STEP][PASSED] - waitForElementPresent: Object 'Object Repository/Roles/btn_create' is present

2018-02-06 14:32:32 - [MESSAGE][PASSED] - Object 'Object Repository/Roles/btn_create' is present

2018-02-06 14:32:32 - [TEST_STEP][PASSED] - click: Object: 'Object Repository/Roles/btn_create' is clicked on

2018-02-06 14:32:32 - [MESSAGE][PASSED] - Object: 'Object Repository/Roles/btn_create' is clicked on

2018-02-06 14:32:32 - [TEST_STEP][PASSED] - click: Object: 'Object Repository/Roles/input_form_RoleName' is clicked on

2018-02-06 14:32:33 - [MESSAGE][PASSED] - Object: 'Object Repository/Roles/input_form_RoleName' is clicked on

2018-02-06 14:32:33 - [TEST_STEP][PASSED] - setText: Text 'Тестовая роль Katalon' is set on object 'Object Repository/Roles/input_form_RoleName'

2018-02-06 14:32:33 - [MESSAGE][PASSED] - Text 'Тестовая роль Katalon' is set on object 'Object Repository/Roles/input_form_RoleName'

2018-02-06 14:32:33 - [TEST_STEP][PASSED] - waitForElementPresent: Object 'Object Repository/Roles/btn_OK' is present

2018-02-06 14:32:33 - [MESSAGE][PASSED] - Object 'Object Repository/Roles/btn_OK' is present

2018-02-06 14:32:33 - [TEST_STEP][PASSED] - click: Object: 'Object Repository/Roles/btn_OK' is clicked on

2018-02-06 14:32:33 - [MESSAGE][PASSED] - Object: 'Object Repository/Roles/btn_OK' is clicked on

2018-02-06 14:32:33 - [TEST_STEP][PASSED] - waitForElementPresent: Object 'Object Repository/Roles/btn_Save' is present

2018-02-06 14:32:33 - [MESSAGE][PASSED] - Object 'Object Repository/Roles/btn_Save' is present

2018-02-06 14:32:33 - [TEST_STEP][PASSED] - click: Object: 'Object Repository/Roles/btn_Save' is clicked on

2018-02-06 14:32:34 - [MESSAGE][PASSED] - Object: 'Object Repository/Roles/btn_Save' is clicked on]]></system-out>
         <system-err><![CDATA[]]></system-err>
      </testcase>
      <system-out><![CDATA[2018-02-06 14:32:21 - [TEST_SUITE][PASSED] - Create new Role: Test Cases/Create_Role]]></system-out>
      <system-err><![CDATA[]]></system-err>
   </testsuite>
</testsuites>
