<?xml version="1.0" encoding="UTF-8"?>
<testsuites name="Create table" time="26" tests="2" failures="0" errors="0">
   <testsuite name="Create table" tests="2" failures="0" errors="0" time="26" timestamp="2018-04-19 09:22:02" hostname="21529 - ws-3591.oasup.pnppk.ru" id="Test Suites/Create table">
      <properties>
         <property name="deviceName" value=""/>
         <property name="devicePlatform" value=""/>
         <property name="logFolder" value="C:\\Users\\21529\\Katalon Studio\\First sample\\Reports\\Create table\\20180419_092201"/>
         <property name="logFiles" value="C:\\Users\\21529\\Katalon Studio\\First sample\\Reports\\Create table\\20180419_092201\\execution0.log"/>
         <property name="attachments" value=""/>
         <property name="hostName" value="21529 - ws-3591.oasup.pnppk.ru"/>
         <property name="os" value="Windows 7 64bit"/>
         <property name="katalonVersion" value="5.3.1.1"/>
         <property name="browser" value="Chrome 66.0.3359.117"/>
         <property name="hostAddress" value="192.168.11.36"/>
         <property name="sessionId" value="d1d926000b6e67a49b6d2ef693fbda0e"/>
         <property name="seleniumVersion" value="3.7.1"/>
         <property name="proxyInformation" value="ProxyInformation{proxyOption=NO_PROXY, proxyServerType=HTTP, password=, proxyServerAddress=, proxyServerPort=0}"/>
         <property name="platform" value="Windows 7"/>
      </properties>
      <testcase name="Test Cases/Authorization_Admin" classname="Test Cases/Authorization_Admin" status="PASSED">
         <system-out><![CDATA[2018-04-19 09:22:02 - [TEST_CASE][PASSED] - Test Cases/Authorization_Admin: Test Cases/Authorization_Admin

2018-04-19 09:22:02 - [TEST_STEP][PASSED] - openBrowser: Browser is opened with url: 'http://vszokdb2:55555/#/login'

2018-04-19 09:22:08 - [MESSAGE][PASSED] - Browser is opened with url: 'http://vszokdb2:55555/#/login'

2018-04-19 09:22:08 - [TEST_STEP][PASSED] - maximizeWindow: Current window maximized

2018-04-19 09:22:09 - [MESSAGE][PASSED] - Current window maximized

2018-04-19 09:22:09 - [TEST_STEP][PASSED] - waitForElementPresent: Object 'Object Repository/Authorization/input_login' is present

2018-04-19 09:22:09 - [MESSAGE][PASSED] - Object 'Object Repository/Authorization/input_login' is present

2018-04-19 09:22:09 - [TEST_STEP][PASSED] - setText: Text '777' is set on object 'Object Repository/Authorization/input_login'

2018-04-19 09:22:09 - [MESSAGE][PASSED] - Text '777' is set on object 'Object Repository/Authorization/input_login'

2018-04-19 09:22:09 - [TEST_STEP][PASSED] - setText: Text '7p15j9w2a' is set on object 'Object Repository/Authorization/input_password'

2018-04-19 09:22:10 - [MESSAGE][PASSED] - Text '7p15j9w2a' is set on object 'Object Repository/Authorization/input_password'

2018-04-19 09:22:10 - [TEST_STEP][PASSED] - click: Object: 'Object Repository/Authorization/btn_login' is clicked on

2018-04-19 09:22:10 - [MESSAGE][PASSED] - Object: 'Object Repository/Authorization/btn_login' is clicked on]]></system-out>
         <system-err><![CDATA[]]></system-err>
      </testcase>
      <testcase name="Test Cases/Create_Table" classname="Test Cases/Create_Table" status="PASSED">
         <system-out><![CDATA[2018-04-19 09:22:10 - [TEST_CASE][PASSED] - Test Cases/Create_Table: Test Cases/Create_Table

2018-04-19 09:22:10 - [TEST_STEP][PASSED] - waitForElementPresent: Object 'Object Repository/Table_designer/All_objects' is present

2018-04-19 09:22:15 - [MESSAGE][PASSED] - Object 'Object Repository/Table_designer/All_objects' is present

2018-04-19 09:22:15 - [TEST_STEP][PASSED] - click: Object: 'Object Repository/Table_designer/All_objects' is clicked on

2018-04-19 09:22:16 - [MESSAGE][PASSED] - Object: 'Object Repository/Table_designer/All_objects' is clicked on

2018-04-19 09:22:16 - [TEST_STEP][PASSED] - click: Object: 'Object Repository/Table_designer/btn_create_table' is clicked on

2018-04-19 09:22:17 - [MESSAGE][PASSED] - Object: 'Object Repository/Table_designer/btn_create_table' is clicked on

2018-04-19 09:22:17 - [TEST_STEP][PASSED] - waitForElementPresent: Object 'Object Repository/Table_designer/input_table-name' is present

2018-04-19 09:22:23 - [MESSAGE][PASSED] - Object 'Object Repository/Table_designer/input_table-name' is present

2018-04-19 09:22:23 - [TEST_STEP][PASSED] - setText: Text 'Тестовая таблица' is set on object 'Object Repository/Table_designer/input_table-name'

2018-04-19 09:22:23 - [MESSAGE][PASSED] - Text 'Тестовая таблица' is set on object 'Object Repository/Table_designer/input_table-name'

2018-04-19 09:22:23 - [TEST_STEP][PASSED] - waitForElementPresent: Object 'Object Repository/Table_designer/btn_create_column' is present

2018-04-19 09:22:23 - [MESSAGE][PASSED] - Object 'Object Repository/Table_designer/btn_create_column' is present

2018-04-19 09:22:23 - [TEST_STEP][PASSED] - click: Object: 'Object Repository/Table_designer/btn_create_column' is clicked on

2018-04-19 09:22:23 - [MESSAGE][PASSED] - Object: 'Object Repository/Table_designer/btn_create_column' is clicked on

2018-04-19 09:22:23 - [TEST_STEP][PASSED] - click: Object: 'Object Repository/Table_designer/Column1_id' is clicked on

2018-04-19 09:22:23 - [MESSAGE][PASSED] - Object: 'Object Repository/Table_designer/Column1_id' is clicked on

2018-04-19 09:22:23 - [TEST_STEP][PASSED] - click: Object: 'Object Repository/Table_designer/input_name' is clicked on

2018-04-19 09:22:24 - [MESSAGE][PASSED] - Object: 'Object Repository/Table_designer/input_name' is clicked on

2018-04-19 09:22:24 - [TEST_STEP][PASSED] - setText: Text 'Номер по порядку' is set on object 'Object Repository/Table_designer/input_name'

2018-04-19 09:22:24 - [MESSAGE][PASSED] - Text 'Номер по порядку' is set on object 'Object Repository/Table_designer/input_name'

2018-04-19 09:22:24 - [TEST_STEP][PASSED] - click: Object: 'Object Repository/Table_designer/Span_field_types' is clicked on

2018-04-19 09:22:24 - [MESSAGE][PASSED] - Object: 'Object Repository/Table_designer/Span_field_types' is clicked on

2018-04-19 09:22:24 - [TEST_STEP][PASSED] - click: Object: 'Object Repository/Table_designer/Choose_integer' is clicked on

2018-04-19 09:22:24 - [MESSAGE][PASSED] - Object: 'Object Repository/Table_designer/Choose_integer' is clicked on

2018-04-19 09:22:24 - [TEST_STEP][PASSED] - click: Object: 'Object Repository/Table_designer/btn_create_column' is clicked on

2018-04-19 09:22:24 - [MESSAGE][PASSED] - Object: 'Object Repository/Table_designer/btn_create_column' is clicked on

2018-04-19 09:22:24 - [TEST_STEP][PASSED] - click: Object: 'Object Repository/Table_designer/Column2_string' is clicked on

2018-04-19 09:22:24 - [MESSAGE][PASSED] - Object: 'Object Repository/Table_designer/Column2_string' is clicked on

2018-04-19 09:22:24 - [TEST_STEP][PASSED] - setText: Text 'Строка' is set on object 'Object Repository/Table_designer/input_name'

2018-04-19 09:22:24 - [MESSAGE][PASSED] - Text 'Строка' is set on object 'Object Repository/Table_designer/input_name'

2018-04-19 09:22:24 - [TEST_STEP][PASSED] - click: Object: 'Object Repository/Table_designer/btn_create_column_group' is clicked on

2018-04-19 09:22:24 - [MESSAGE][PASSED] - Object: 'Object Repository/Table_designer/btn_create_column_group' is clicked on

2018-04-19 09:22:24 - [TEST_STEP][PASSED] - click: Object: 'Object Repository/Table_designer/column_group' is clicked on

2018-04-19 09:22:24 - [MESSAGE][PASSED] - Object: 'Object Repository/Table_designer/column_group' is clicked on

2018-04-19 09:22:24 - [TEST_STEP][PASSED] - click: Object: 'Object Repository/Table_designer/btn_create_internal_column' is clicked on

2018-04-19 09:22:24 - [MESSAGE][PASSED] - Object: 'Object Repository/Table_designer/btn_create_internal_column' is clicked on

2018-04-19 09:22:24 - [TEST_STEP][PASSED] - click: Object: 'Object Repository/Table_designer/New_column_click' is clicked on

2018-04-19 09:22:24 - [MESSAGE][PASSED] - Object: 'Object Repository/Table_designer/New_column_click' is clicked on

2018-04-19 09:22:24 - [TEST_STEP][PASSED] - setText: Text 'Текст' is set on object 'Object Repository/Table_designer/input_name'

2018-04-19 09:22:25 - [MESSAGE][PASSED] - Text 'Текст' is set on object 'Object Repository/Table_designer/input_name'

2018-04-19 09:22:25 - [TEST_STEP][PASSED] - click: Object: 'Object Repository/Table_designer/Span_field_types' is clicked on

2018-04-19 09:22:25 - [MESSAGE][PASSED] - Object: 'Object Repository/Table_designer/Span_field_types' is clicked on

2018-04-19 09:22:25 - [TEST_STEP][PASSED] - click: Object: 'Object Repository/Table_designer/Choose_multitext' is clicked on

2018-04-19 09:22:25 - [MESSAGE][PASSED] - Object: 'Object Repository/Table_designer/Choose_multitext' is clicked on

2018-04-19 09:22:25 - [TEST_STEP][PASSED] - click: Object: 'Object Repository/Table_designer/Pre_column' is clicked on

2018-04-19 09:22:25 - [MESSAGE][PASSED] - Object: 'Object Repository/Table_designer/Pre_column' is clicked on

2018-04-19 09:22:25 - [TEST_STEP][PASSED] - click: Object: 'Object Repository/Table_designer/column_group' is clicked on

2018-04-19 09:22:25 - [MESSAGE][PASSED] - Object: 'Object Repository/Table_designer/column_group' is clicked on

2018-04-19 09:22:25 - [TEST_STEP][PASSED] - click: Object: 'Object Repository/Table_designer/btn_create_internal_column' is clicked on

2018-04-19 09:22:25 - [MESSAGE][PASSED] - Object: 'Object Repository/Table_designer/btn_create_internal_column' is clicked on

2018-04-19 09:22:25 - [TEST_STEP][PASSED] - click: Object: 'Object Repository/Table_designer/New_column_click' is clicked on

2018-04-19 09:22:25 - [MESSAGE][PASSED] - Object: 'Object Repository/Table_designer/New_column_click' is clicked on

2018-04-19 09:22:25 - [TEST_STEP][PASSED] - setText: Text 'Вещественное' is set on object 'Object Repository/Table_designer/input_name'

2018-04-19 09:22:25 - [MESSAGE][PASSED] - Text 'Вещественное' is set on object 'Object Repository/Table_designer/input_name'

2018-04-19 09:22:25 - [TEST_STEP][PASSED] - click: Object: 'Object Repository/Table_designer/Span_field_types' is clicked on

2018-04-19 09:22:25 - [MESSAGE][PASSED] - Object: 'Object Repository/Table_designer/Span_field_types' is clicked on

2018-04-19 09:22:25 - [TEST_STEP][PASSED] - click: Object: 'Object Repository/Table_designer/Choose_real' is clicked on

2018-04-19 09:22:25 - [MESSAGE][PASSED] - Object: 'Object Repository/Table_designer/Choose_real' is clicked on

2018-04-19 09:22:25 - [TEST_STEP][PASSED] - click: Object: 'Object Repository/Table_designer/column_group' is clicked on

2018-04-19 09:22:25 - [MESSAGE][PASSED] - Object: 'Object Repository/Table_designer/column_group' is clicked on

2018-04-19 09:22:25 - [TEST_STEP][PASSED] - click: Object: 'Object Repository/Table_designer/btn_create_internal_column' is clicked on

2018-04-19 09:22:25 - [MESSAGE][PASSED] - Object: 'Object Repository/Table_designer/btn_create_internal_column' is clicked on

2018-04-19 09:22:25 - [TEST_STEP][PASSED] - click: Object: 'Object Repository/Table_designer/New_column_click' is clicked on

2018-04-19 09:22:25 - [MESSAGE][PASSED] - Object: 'Object Repository/Table_designer/New_column_click' is clicked on

2018-04-19 09:22:25 - [TEST_STEP][PASSED] - setText: Text 'Дата' is set on object 'Object Repository/Table_designer/input_name'

2018-04-19 09:22:26 - [MESSAGE][PASSED] - Text 'Дата' is set on object 'Object Repository/Table_designer/input_name'

2018-04-19 09:22:26 - [TEST_STEP][PASSED] - click: Object: 'Object Repository/Table_designer/Span_field_types' is clicked on

2018-04-19 09:22:26 - [MESSAGE][PASSED] - Object: 'Object Repository/Table_designer/Span_field_types' is clicked on

2018-04-19 09:22:26 - [TEST_STEP][PASSED] - click: Object: 'Object Repository/Table_designer/Choose_date' is clicked on

2018-04-19 09:22:26 - [MESSAGE][PASSED] - Object: 'Object Repository/Table_designer/Choose_date' is clicked on

2018-04-19 09:22:26 - [TEST_STEP][PASSED] - click: Object: 'Object Repository/Table_designer/column_group' is clicked on

2018-04-19 09:22:26 - [MESSAGE][PASSED] - Object: 'Object Repository/Table_designer/column_group' is clicked on

2018-04-19 09:22:26 - [TEST_STEP][PASSED] - click: Object: 'Object Repository/Table_designer/Pre_column' is clicked on

2018-04-19 09:22:26 - [MESSAGE][PASSED] - Object: 'Object Repository/Table_designer/Pre_column' is clicked on

2018-04-19 09:22:26 - [TEST_STEP][PASSED] - click: Object: 'Object Repository/Table_designer/btn_create_internal_column' is clicked on

2018-04-19 09:22:26 - [MESSAGE][PASSED] - Object: 'Object Repository/Table_designer/btn_create_internal_column' is clicked on

2018-04-19 09:22:26 - [TEST_STEP][PASSED] - click: Object: 'Object Repository/Table_designer/New_column_click' is clicked on

2018-04-19 09:22:26 - [MESSAGE][PASSED] - Object: 'Object Repository/Table_designer/New_column_click' is clicked on

2018-04-19 09:22:26 - [TEST_STEP][PASSED] - setText: Text 'Дата и время' is set on object 'Object Repository/Table_designer/input_name'

2018-04-19 09:22:26 - [MESSAGE][PASSED] - Text 'Дата и время' is set on object 'Object Repository/Table_designer/input_name'

2018-04-19 09:22:26 - [TEST_STEP][PASSED] - click: Object: 'Object Repository/Table_designer/Span_field_types' is clicked on

2018-04-19 09:22:26 - [MESSAGE][PASSED] - Object: 'Object Repository/Table_designer/Span_field_types' is clicked on

2018-04-19 09:22:26 - [TEST_STEP][PASSED] - click: Object: 'Object Repository/Table_designer/Choose_date_time' is clicked on

2018-04-19 09:22:26 - [MESSAGE][PASSED] - Object: 'Object Repository/Table_designer/Choose_date_time' is clicked on

2018-04-19 09:22:26 - [TEST_STEP][PASSED] - click: Object: 'Object Repository/Table_designer/Pre_column' is clicked on

2018-04-19 09:22:26 - [MESSAGE][PASSED] - Object: 'Object Repository/Table_designer/Pre_column' is clicked on

2018-04-19 09:22:26 - [TEST_STEP][PASSED] - click: Object: 'Object Repository/Table_designer/column_group' is clicked on

2018-04-19 09:22:26 - [MESSAGE][PASSED] - Object: 'Object Repository/Table_designer/column_group' is clicked on

2018-04-19 09:22:26 - [TEST_STEP][PASSED] - click: Object: 'Object Repository/Table_designer/btn_create_internal_column' is clicked on

2018-04-19 09:22:26 - [MESSAGE][PASSED] - Object: 'Object Repository/Table_designer/btn_create_internal_column' is clicked on

2018-04-19 09:22:26 - [TEST_STEP][PASSED] - click: Object: 'Object Repository/Table_designer/New_column_click' is clicked on

2018-04-19 09:22:27 - [MESSAGE][PASSED] - Object: 'Object Repository/Table_designer/New_column_click' is clicked on

2018-04-19 09:22:27 - [TEST_STEP][PASSED] - setText: Text 'Логический' is set on object 'Object Repository/Table_designer/input_name'

2018-04-19 09:22:27 - [MESSAGE][PASSED] - Text 'Логический' is set on object 'Object Repository/Table_designer/input_name'

2018-04-19 09:22:27 - [TEST_STEP][PASSED] - click: Object: 'Object Repository/Table_designer/Span_field_types' is clicked on

2018-04-19 09:22:27 - [MESSAGE][PASSED] - Object: 'Object Repository/Table_designer/Span_field_types' is clicked on

2018-04-19 09:22:27 - [TEST_STEP][PASSED] - click: Object: 'Object Repository/Table_designer/Choose_logic' is clicked on

2018-04-19 09:22:27 - [MESSAGE][PASSED] - Object: 'Object Repository/Table_designer/Choose_logic' is clicked on

2018-04-19 09:22:27 - [TEST_STEP][PASSED] - click: Object: 'Object Repository/Table_designer/Pre_column' is clicked on

2018-04-19 09:22:27 - [MESSAGE][PASSED] - Object: 'Object Repository/Table_designer/Pre_column' is clicked on

2018-04-19 09:22:27 - [TEST_STEP][PASSED] - click: Object: 'Object Repository/Table_designer/column_group' is clicked on

2018-04-19 09:22:27 - [MESSAGE][PASSED] - Object: 'Object Repository/Table_designer/column_group' is clicked on

2018-04-19 09:22:27 - [TEST_STEP][PASSED] - click: Object: 'Object Repository/Table_designer/btn_create_internal_column' is clicked on

2018-04-19 09:22:27 - [MESSAGE][PASSED] - Object: 'Object Repository/Table_designer/btn_create_internal_column' is clicked on

2018-04-19 09:22:27 - [TEST_STEP][PASSED] - click: Object: 'Object Repository/Table_designer/New_column_click' is clicked on

2018-04-19 09:22:27 - [MESSAGE][PASSED] - Object: 'Object Repository/Table_designer/New_column_click' is clicked on

2018-04-19 09:22:27 - [TEST_STEP][PASSED] - setText: Text 'Файл' is set on object 'Object Repository/Table_designer/input_name'

2018-04-19 09:22:27 - [MESSAGE][PASSED] - Text 'Файл' is set on object 'Object Repository/Table_designer/input_name'

2018-04-19 09:22:27 - [TEST_STEP][PASSED] - click: Object: 'Object Repository/Table_designer/Span_field_types' is clicked on

2018-04-19 09:22:27 - [MESSAGE][PASSED] - Object: 'Object Repository/Table_designer/Span_field_types' is clicked on

2018-04-19 09:22:27 - [TEST_STEP][PASSED] - click: Object: 'Object Repository/Table_designer/Choose_file' is clicked on

2018-04-19 09:22:27 - [MESSAGE][PASSED] - Object: 'Object Repository/Table_designer/Choose_file' is clicked on

2018-04-19 09:22:27 - [TEST_STEP][PASSED] - click: Object: 'Object Repository/Table_designer/btn_save_table ' is clicked on

2018-04-19 09:22:27 - [MESSAGE][PASSED] - Object: 'Object Repository/Table_designer/btn_save_table ' is clicked on]]></system-out>
         <system-err><![CDATA[]]></system-err>
      </testcase>
      <system-out><![CDATA[2018-04-19 09:22:02 - [TEST_SUITE][PASSED] - Create table: Test Cases/Create_Table]]></system-out>
      <system-err><![CDATA[]]></system-err>
   </testsuite>
</testsuites>
