<?xml version="1.0" encoding="UTF-8"?>
<testsuites name="Create new user" time="11" tests="2" failures="0" errors="0">
   <testsuite name="Create new user" tests="2" failures="0" errors="0" time="11" timestamp="2018-02-06 11:37:36" hostname="21529 - ws-3591.oasup.pnppk.ru" id="Test Suites/Create new user">
      <properties>
         <property name="deviceName" value=""/>
         <property name="devicePlatform" value=""/>
         <property name="logFolder" value="C:\\Users\\21529\\Katalon Studio\\First sample\\Reports\\Create new user\\20180206_113735"/>
         <property name="logFiles" value="C:\\Users\\21529\\Katalon Studio\\First sample\\Reports\\Create new user\\20180206_113735\\execution0.log"/>
         <property name="attachments" value=""/>
         <property name="hostName" value="21529 - ws-3591.oasup.pnppk.ru"/>
         <property name="os" value="Windows 7 64bit"/>
         <property name="katalonVersion" value="5.3.0.1"/>
         <property name="browser" value="Chrome 63.0.3239.132"/>
         <property name="hostAddress" value="192.168.66.170"/>
         <property name="sessionId" value="8e1eadd2fd58f06a4bc06ab5d9b3ffd6"/>
         <property name="seleniumVersion" value="3.7.1"/>
         <property name="proxyInformation" value="ProxyInformation{proxyOption=NO_PROXY, proxyServerType=HTTP, password=, proxyServerAddress=, proxyServerPort=0}"/>
         <property name="platform" value="Windows 7"/>
      </properties>
      <testcase name="Test Cases/Authorization" classname="Test Cases/Authorization" status="PASSED">
         <system-out><![CDATA[2018-02-06 11:37:36 - [TEST_CASE][PASSED] - Test Cases/Authorization: Test Cases/Authorization

2018-02-06 11:37:36 - [TEST_STEP][PASSED] - openBrowser: Browser is opened with url: 'http://vszokdb2:55555/#/login'

2018-02-06 11:37:41 - [MESSAGE][PASSED] - Browser is opened with url: 'http://vszokdb2:55555/#/login'

2018-02-06 11:37:41 - [TEST_STEP][PASSED] - maximizeWindow: Current window maximized

2018-02-06 11:37:42 - [MESSAGE][PASSED] - Current window maximized

2018-02-06 11:37:42 - [TEST_STEP][PASSED] - waitForElementPresent: Object 'Object Repository/Page_logipass/input_login' is present

2018-02-06 11:37:42 - [MESSAGE][PASSED] - Object 'Object Repository/Page_logipass/input_login' is present

2018-02-06 11:37:42 - [TEST_STEP][PASSED] - setText: Text '777' is set on object 'Object Repository/Page_logipass/input_login'

2018-02-06 11:37:42 - [MESSAGE][PASSED] - Text '777' is set on object 'Object Repository/Page_logipass/input_login'

2018-02-06 11:37:42 - [TEST_STEP][PASSED] - setText: Text '7p15j9w2a' is set on object 'Object Repository/Page_logipass/input_password'

2018-02-06 11:37:43 - [MESSAGE][PASSED] - Text '7p15j9w2a' is set on object 'Object Repository/Page_logipass/input_password'

2018-02-06 11:37:43 - [TEST_STEP][PASSED] - click: Object: 'Object Repository/Page_logipass/p_' is clicked on

2018-02-06 11:37:43 - [MESSAGE][PASSED] - Object: 'Object Repository/Page_logipass/p_' is clicked on]]></system-out>
         <system-err><![CDATA[]]></system-err>
      </testcase>
      <testcase name="Test Cases/Create user" classname="Test Cases/Create user" status="PASSED">
         <system-out><![CDATA[2018-02-06 11:37:43 - [TEST_CASE][PASSED] - Test Cases/Create user: Test Cases/Create user

2018-02-06 11:37:43 - [TEST_STEP][PASSED] - navigateToUrl: Navigate to 'http://vszokdb2:55555/#/admin/data/hierarchy' successfully

2018-02-06 11:37:43 - [MESSAGE][PASSED] - Navigate to 'http://vszokdb2:55555/#/admin/data/hierarchy' successfully

2018-02-06 11:37:43 - [TEST_STEP][PASSED] - waitForElementPresent: Object 'Object Repository/Users/span_Users' is present

2018-02-06 11:37:43 - [MESSAGE][PASSED] - Object 'Object Repository/Users/span_Users' is present

2018-02-06 11:37:43 - [TEST_STEP][PASSED] - click: Object: 'Object Repository/Users/span_Users' is clicked on

2018-02-06 11:37:43 - [MESSAGE][PASSED] - Object: 'Object Repository/Users/span_Users' is clicked on

2018-02-06 11:37:43 - [TEST_STEP][PASSED] - click: Object: 'Object Repository/Users/btn_create_user' is clicked on

2018-02-06 11:37:45 - [MESSAGE][PASSED] - Object: 'Object Repository/Users/btn_create_user' is clicked on

2018-02-06 11:37:45 - [TEST_STEP][PASSED] - click: Object: 'Object Repository/Users/input_form_Login' is clicked on

2018-02-06 11:37:45 - [MESSAGE][PASSED] - Object: 'Object Repository/Users/input_form_Login' is clicked on

2018-02-06 11:37:45 - [TEST_STEP][PASSED] - setText: Text 'Тестовый пользователь Katalon' is set on object 'Object Repository/Users/input_form_Login'

2018-02-06 11:37:46 - [MESSAGE][PASSED] - Text 'Тестовый пользователь Katalon' is set on object 'Object Repository/Users/input_form_Login'

2018-02-06 11:37:46 - [TEST_STEP][PASSED] - setText: Text 'Тестовый' is set on object 'Object Repository/Users/input_Soname'

2018-02-06 11:37:47 - [MESSAGE][PASSED] - Text 'Тестовый' is set on object 'Object Repository/Users/input_Soname'

2018-02-06 11:37:47 - [TEST_STEP][PASSED] - setText: Text 'Пользователь' is set on object 'Object Repository/Users/input_form_Name'

2018-02-06 11:37:47 - [MESSAGE][PASSED] - Text 'Пользователь' is set on object 'Object Repository/Users/input_form_Name']]></system-out>
         <system-err><![CDATA[]]></system-err>
      </testcase>
      <system-out><![CDATA[2018-02-06 11:37:36 - [TEST_SUITE][PASSED] - Create new user: Test Cases/Create user]]></system-out>
      <system-err><![CDATA[]]></system-err>
   </testsuite>
</testsuites>
