<?xml version="1.0" encoding="UTF-8"?>
<testsuites name="Add user role" time="12" tests="2" failures="0" errors="0">
   <testsuite name="Add user role" tests="2" failures="0" errors="0" time="12" timestamp="2018-02-19 16:57:25" hostname="21529 - ws-3591.oasup.pnppk.ru" id="Test Suites/Add user role">
      <properties>
         <property name="deviceName" value=""/>
         <property name="devicePlatform" value=""/>
         <property name="logFolder" value="C:\\Users\\21529\\Katalon Studio\\First sample\\Reports\\Add user role\\20180219_165724"/>
         <property name="logFiles" value="C:\\Users\\21529\\Katalon Studio\\First sample\\Reports\\Add user role\\20180219_165724\\execution0.log"/>
         <property name="attachments" value=""/>
         <property name="hostName" value="21529 - ws-3591.oasup.pnppk.ru"/>
         <property name="os" value="Windows 7 64bit"/>
         <property name="katalonVersion" value="5.3.0.1"/>
         <property name="browser" value="Chrome 63.0.3239.132"/>
         <property name="hostAddress" value="192.168.11.160"/>
         <property name="sessionId" value="519f6ce7384892717306f59abed1dd22"/>
         <property name="seleniumVersion" value="3.7.1"/>
         <property name="proxyInformation" value="ProxyInformation{proxyOption=NO_PROXY, proxyServerType=HTTP, password=, proxyServerAddress=, proxyServerPort=0}"/>
         <property name="platform" value="Windows 7"/>
      </properties>
      <testcase name="Test Cases/Authorization_Admin" classname="Test Cases/Authorization_Admin" status="PASSED">
         <system-out><![CDATA[2018-02-19 16:57:25 - [TEST_CASE][PASSED] - Test Cases/Authorization_Admin: Test Cases/Authorization_Admin

2018-02-19 16:57:26 - [TEST_STEP][PASSED] - openBrowser: Browser is opened with url: 'http://vszokdb2:55555/#/login'

2018-02-19 16:57:30 - [MESSAGE][PASSED] - Browser is opened with url: 'http://vszokdb2:55555/#/login'

2018-02-19 16:57:30 - [TEST_STEP][PASSED] - maximizeWindow: Current window maximized

2018-02-19 16:57:31 - [MESSAGE][PASSED] - Current window maximized

2018-02-19 16:57:31 - [TEST_STEP][PASSED] - waitForElementPresent: Object 'Object Repository/Authorization/input_login' is present

2018-02-19 16:57:31 - [MESSAGE][PASSED] - Object 'Object Repository/Authorization/input_login' is present

2018-02-19 16:57:31 - [TEST_STEP][PASSED] - setText: Text '777' is set on object 'Object Repository/Authorization/input_login'

2018-02-19 16:57:32 - [MESSAGE][PASSED] - Text '777' is set on object 'Object Repository/Authorization/input_login'

2018-02-19 16:57:32 - [TEST_STEP][PASSED] - setText: Text '7p15j9w2a' is set on object 'Object Repository/Authorization/input_password'

2018-02-19 16:57:32 - [MESSAGE][PASSED] - Text '7p15j9w2a' is set on object 'Object Repository/Authorization/input_password'

2018-02-19 16:57:32 - [TEST_STEP][PASSED] - click: Object: 'Object Repository/Authorization/btn_login' is clicked on

2018-02-19 16:57:32 - [MESSAGE][PASSED] - Object: 'Object Repository/Authorization/btn_login' is clicked on]]></system-out>
         <system-err><![CDATA[]]></system-err>
      </testcase>
      <testcase name="Test Cases/Add_User_Role" classname="Test Cases/Add_User_Role" status="PASSED">
         <system-out><![CDATA[2018-02-19 16:57:32 - [TEST_CASE][PASSED] - Test Cases/Add_User_Role: Test Cases/Add_User_Role

2018-02-19 16:57:32 - [TEST_STEP][PASSED] - navigateToUrl: Navigate to 'http://vszokdb2:55555/#/admin/data/hierarchy' successfully

2018-02-19 16:57:32 - [MESSAGE][PASSED] - Navigate to 'http://vszokdb2:55555/#/admin/data/hierarchy' successfully

2018-02-19 16:57:32 - [TEST_STEP][PASSED] - waitForPageLoad: Wait for page load successfully

2018-02-19 16:57:32 - [MESSAGE][PASSED] - Wait for page load successfully

2018-02-19 16:57:32 - [TEST_STEP][PASSED] - waitForElementPresent: Object 'Object Repository/Users/span_Users' is present

2018-02-19 16:57:32 - [MESSAGE][PASSED] - Object 'Object Repository/Users/span_Users' is present

2018-02-19 16:57:32 - [TEST_STEP][PASSED] - click: Object: 'Object Repository/Users/span_Users' is clicked on

2018-02-19 16:57:33 - [MESSAGE][PASSED] - Object: 'Object Repository/Users/span_Users' is clicked on

2018-02-19 16:57:33 - [TEST_STEP][PASSED] - setText: Text 'Тестовый пользователь Katalon' is set on object 'Object Repository/Users/User_Login'

2018-02-19 16:57:35 - [MESSAGE][PASSED] - Text 'Тестовый пользователь Katalon' is set on object 'Object Repository/Users/User_Login'

2018-02-19 16:57:35 - [TEST_STEP][PASSED] - click: Object: 'Object Repository/Users/Login_header' is clicked on

2018-02-19 16:57:35 - [MESSAGE][PASSED] - Object: 'Object Repository/Users/Login_header' is clicked on

2018-02-19 16:57:35 - [TEST_STEP][PASSED] - waitForElementPresent: Object 'Object Repository/Users/btn_create_user' is present

2018-02-19 16:57:35 - [MESSAGE][PASSED] - Object 'Object Repository/Users/btn_create_user' is present

2018-02-19 16:57:35 - [TEST_STEP][PASSED] - click: Object: 'Object Repository/Users/btn_Edit_User' is clicked on

2018-02-19 16:57:35 - [MESSAGE][PASSED] - Object: 'Object Repository/Users/btn_Edit_User' is clicked on

2018-02-19 16:57:35 - [TEST_STEP][PASSED] - waitForElementPresent: Object 'Object Repository/Users/btn_User_Roles' is present

2018-02-19 16:57:35 - [MESSAGE][PASSED] - Object 'Object Repository/Users/btn_User_Roles' is present

2018-02-19 16:57:35 - [TEST_STEP][PASSED] - click: Object: 'Object Repository/Users/btn_User_Roles' is clicked on

2018-02-19 16:57:36 - [MESSAGE][PASSED] - Object: 'Object Repository/Users/btn_User_Roles' is clicked on

2018-02-19 16:57:36 - [TEST_STEP][PASSED] - setText: Text 'тестовая' is set on object 'Object Repository/Users/input_form_User_Roles'

2018-02-19 16:57:36 - [MESSAGE][PASSED] - Text 'тестовая' is set on object 'Object Repository/Users/input_form_User_Roles'

2018-02-19 16:57:36 - [TEST_STEP][PASSED] - click: Object: 'Object Repository/Users/Role_New_Katalon' is clicked on

2018-02-19 16:57:36 - [MESSAGE][PASSED] - Object: 'Object Repository/Users/Role_New_Katalon' is clicked on

2018-02-19 16:57:36 - [TEST_STEP][PASSED] - setText: Text 'намотчица' is set on object 'Object Repository/Users/input_form_User_Roles'

2018-02-19 16:57:36 - [MESSAGE][PASSED] - Text 'намотчица' is set on object 'Object Repository/Users/input_form_User_Roles'

2018-02-19 16:57:36 - [TEST_STEP][PASSED] - click: Object: 'Object Repository/Users/Role_Old_Weaver' is clicked on

2018-02-19 16:57:36 - [MESSAGE][PASSED] - Object: 'Object Repository/Users/Role_Old_Weaver' is clicked on

2018-02-19 16:57:36 - [TEST_STEP][PASSED] - click: Object: 'Object Repository/Users/btn_Save_User' is clicked on

2018-02-19 16:57:37 - [MESSAGE][PASSED] - Object: 'Object Repository/Users/btn_Save_User' is clicked on]]></system-out>
         <system-err><![CDATA[]]></system-err>
      </testcase>
      <system-out><![CDATA[2018-02-19 16:57:25 - [TEST_SUITE][PASSED] - Add user role: Test Cases/Add_User_Role]]></system-out>
      <system-err><![CDATA[]]></system-err>
   </testsuite>
</testsuites>
