<?xml version="1.0" encoding="UTF-8"?>
<testsuites name="Create new user" time="44" tests="1" failures="1" errors="0">
   <testsuite name="Create new user" tests="1" failures="1" errors="0" time="44" timestamp="2018-02-06 11:52:47" hostname="21529 - ws-3591.oasup.pnppk.ru" id="Test Suites/Create new user">
      <properties>
         <property name="deviceName" value=""/>
         <property name="devicePlatform" value=""/>
         <property name="logFolder" value="C:\\Users\\21529\\Katalon Studio\\First sample\\Reports\\Create new user\\20180206_115246"/>
         <property name="logFiles" value="C:\\Users\\21529\\Katalon Studio\\First sample\\Reports\\Create new user\\20180206_115246\\execution0.log"/>
         <property name="attachments" value="C:\\Users\\21529\\Katalon Studio\\First sample\\Reports\\Create new user\\20180206_115246\\1517900011209.png"/>
         <property name="hostName" value="21529 - ws-3591.oasup.pnppk.ru"/>
         <property name="os" value="Windows 7 64bit"/>
         <property name="katalonVersion" value="5.3.0.1"/>
         <property name="browser" value="Chrome 63.0.3239.132"/>
         <property name="hostAddress" value="192.168.66.170"/>
         <property name="sessionId" value="4978aa1e5f3633f38d78e6eb736b3f94"/>
         <property name="seleniumVersion" value="3.7.1"/>
         <property name="proxyInformation" value="ProxyInformation{proxyOption=NO_PROXY, proxyServerType=HTTP, password=, proxyServerAddress=, proxyServerPort=0}"/>
         <property name="platform" value="Windows 7"/>
      </properties>
      <testcase name="Test Cases/Authorization" classname="Test Cases/Authorization" status="PASSED">
         <system-out><![CDATA[2018-02-06 11:52:47 - [TEST_CASE][PASSED] - Test Cases/Authorization: Test Cases/Authorization

2018-02-06 11:52:47 - [TEST_STEP][PASSED] - openBrowser: Browser is opened with url: 'http://vszokdb2:55555/#/login'

2018-02-06 11:52:53 - [MESSAGE][PASSED] - Browser is opened with url: 'http://vszokdb2:55555/#/login'

2018-02-06 11:52:53 - [TEST_STEP][PASSED] - maximizeWindow: Current window maximized

2018-02-06 11:52:55 - [MESSAGE][PASSED] - Current window maximized

2018-02-06 11:52:55 - [TEST_STEP][PASSED] - waitForElementPresent: Object 'Object Repository/Page_logipass/input_login' is present

2018-02-06 11:52:55 - [MESSAGE][PASSED] - Object 'Object Repository/Page_logipass/input_login' is present

2018-02-06 11:52:55 - [TEST_STEP][PASSED] - setText: Text '777' is set on object 'Object Repository/Page_logipass/input_login'

2018-02-06 11:52:55 - [MESSAGE][PASSED] - Text '777' is set on object 'Object Repository/Page_logipass/input_login'

2018-02-06 11:52:55 - [TEST_STEP][PASSED] - setText: Text '7p15j9w2a' is set on object 'Object Repository/Page_logipass/input_password'

2018-02-06 11:52:55 - [MESSAGE][PASSED] - Text '7p15j9w2a' is set on object 'Object Repository/Page_logipass/input_password'

2018-02-06 11:52:55 - [TEST_STEP][PASSED] - click: Object: 'Object Repository/Page_logipass/p_' is clicked on

2018-02-06 11:52:55 - [MESSAGE][PASSED] - Object: 'Object Repository/Page_logipass/p_' is clicked on]]></system-out>
         <system-err><![CDATA[]]></system-err>
      </testcase>
      <testcase name="Test Cases/Create user" classname="Test Cases/Create user" status="FAILED">
         <failure type="FAILED" message="Unable to set text '89655734190' of object 'Object Repository/Users/input_form_Phone' (Root cause: com.kms.katalon.core.webui.exception.WebElementNotFoundException: Web element with id: 'Object Repository/Users/input_form_Phone' located by 'By.xpath: /html[@class=&quot;ng-scope&quot;]/body[@class=&quot;modal-open&quot;]/div[@class=&quot;modal worksheet-edit-form-metadata-window fade ng-scope ng-isolate-scope in&quot;]/div[@class=&quot;modal-dialog&quot;]/div[@class=&quot;modal-content&quot;]/div[@class=&quot;modal-body ng-scope&quot;]/div[@class=&quot;tab-content ng-scope&quot;]/simple-reg[@class=&quot;ng-scope ng-isolate-scope&quot;]/div[@class=&quot;row&quot;]/div[@class=&quot;col-md-6&quot;]/div[@class=&quot;panel panel-default&quot;]/div[@class=&quot;panel-body form-horizontal&quot;]/div[@class=&quot;form-group&quot;]/div[@class=&quot;col-sm-6&quot;]/input[@class=&quot;form-control ng-pristine ng-untouched ng-valid ng-empty&quot;][count(. | //input[@type = 'text' and @placeholder = 'Телефон']) = count(//input[@type = 'text' and @placeholder = 'Телефон'])]' not found)"/>
         <system-out><![CDATA[2018-02-06 11:52:55 - [TEST_CASE][FAILED] - Test Cases/Create user: Test Cases/Create user FAILED because (of) Unable to set text '89655734190' of object 'Object Repository/Users/input_form_Phone' (Root cause: com.kms.katalon.core.webui.exception.WebElementNotFoundException: Web element with id: 'Object Repository/Users/input_form_Phone' located by 'By.xpath: /html[@class="ng-scope"]/body[@class="modal-open"]/div[@class="modal worksheet-edit-form-metadata-window fade ng-scope ng-isolate-scope in"]/div[@class="modal-dialog"]/div[@class="modal-content"]/div[@class="modal-body ng-scope"]/div[@class="tab-content ng-scope"]/simple-reg[@class="ng-scope ng-isolate-scope"]/div[@class="row"]/div[@class="col-md-6"]/div[@class="panel panel-default"]/div[@class="panel-body form-horizontal"]/div[@class="form-group"]/div[@class="col-sm-6"]/input[@class="form-control ng-pristine ng-untouched ng-valid ng-empty"][count(. | //input[@type = 'text' and @placeholder = 'Телефон']) = count(//input[@type = 'text' and @placeholder = 'Телефон'])]' not found)

2018-02-06 11:52:55 - [TEST_STEP][PASSED] - navigateToUrl: Navigate to 'http://vszokdb2:55555/#/admin/data/hierarchy' successfully

2018-02-06 11:52:55 - [MESSAGE][PASSED] - Navigate to 'http://vszokdb2:55555/#/admin/data/hierarchy' successfully

2018-02-06 11:52:55 - [TEST_STEP][PASSED] - waitForElementPresent: Object 'Object Repository/Users/span_Users' is present

2018-02-06 11:52:55 - [MESSAGE][PASSED] - Object 'Object Repository/Users/span_Users' is present

2018-02-06 11:52:55 - [TEST_STEP][PASSED] - click: Object: 'Object Repository/Users/span_Users' is clicked on

2018-02-06 11:52:55 - [MESSAGE][PASSED] - Object: 'Object Repository/Users/span_Users' is clicked on

2018-02-06 11:52:55 - [TEST_STEP][PASSED] - click: Object: 'Object Repository/Users/btn_create_user' is clicked on

2018-02-06 11:52:57 - [MESSAGE][PASSED] - Object: 'Object Repository/Users/btn_create_user' is clicked on

2018-02-06 11:52:57 - [TEST_STEP][PASSED] - click: Object: 'Object Repository/Users/input_form_Login' is clicked on

2018-02-06 11:52:58 - [MESSAGE][PASSED] - Object: 'Object Repository/Users/input_form_Login' is clicked on

2018-02-06 11:52:58 - [TEST_STEP][PASSED] - setText: Text 'Тестовый пользователь Katalon' is set on object 'Object Repository/Users/input_form_Login'

2018-02-06 11:52:59 - [MESSAGE][PASSED] - Text 'Тестовый пользователь Katalon' is set on object 'Object Repository/Users/input_form_Login'

2018-02-06 11:52:59 - [TEST_STEP][PASSED] - setText: Text 'Тестовый' is set on object 'Object Repository/Users/input_Soname'

2018-02-06 11:52:59 - [MESSAGE][PASSED] - Text 'Тестовый' is set on object 'Object Repository/Users/input_Soname'

2018-02-06 11:52:59 - [TEST_STEP][PASSED] - setText: Text 'Пользователь' is set on object 'Object Repository/Users/input_form_Name'

2018-02-06 11:52:59 - [MESSAGE][PASSED] - Text 'Пользователь' is set on object 'Object Repository/Users/input_form_Name'

2018-02-06 11:52:59 - [TEST_STEP][PASSED] - setText: Text 'rogozhnikov_sergey@live.ru' is set on object 'Object Repository/Users/input_form_Post'

2018-02-06 11:53:00 - [MESSAGE][PASSED] - Text 'rogozhnikov_sergey@live.ru' is set on object 'Object Repository/Users/input_form_Post'

2018-02-06 11:53:00 - [TEST_STEP][FAILED] - setText: Unable to set text '89655734190' of object 'Object Repository/Users/input_form_Phone' (Root cause: com.kms.katalon.core.webui.exception.WebElementNotFoundException: Web element with id: 'Object Repository/Users/input_form_Phone' located by 'By.xpath: /html[@class="ng-scope"]/body[@class="modal-open"]/div[@class="modal worksheet-edit-form-metadata-window fade ng-scope ng-isolate-scope in"]/div[@class="modal-dialog"]/div[@class="modal-content"]/div[@class="modal-body ng-scope"]/div[@class="tab-content ng-scope"]/simple-reg[@class="ng-scope ng-isolate-scope"]/div[@class="row"]/div[@class="col-md-6"]/div[@class="panel panel-default"]/div[@class="panel-body form-horizontal"]/div[@class="form-group"]/div[@class="col-sm-6"]/input[@class="form-control ng-pristine ng-untouched ng-valid ng-empty"][count(. | //input[@type = 'text' and @placeholder = 'Телефон']) = count(//input[@type = 'text' and @placeholder = 'Телефон'])]' not found)

2018-02-06 11:53:31 - [MESSAGE][FAILED] - Unable to set text '89655734190' of object 'Object Repository/Users/input_form_Phone' (Root cause: com.kms.katalon.core.webui.exception.WebElementNotFoundException: Web element with id: 'Object Repository/Users/input_form_Phone' located by 'By.xpath: /html[@class="ng-scope"]/body[@class="modal-open"]/div[@class="modal worksheet-edit-form-metadata-window fade ng-scope ng-isolate-scope in"]/div[@class="modal-dialog"]/div[@class="modal-content"]/div[@class="modal-body ng-scope"]/div[@class="tab-content ng-scope"]/simple-reg[@class="ng-scope ng-isolate-scope"]/div[@class="row"]/div[@class="col-md-6"]/div[@class="panel panel-default"]/div[@class="panel-body form-horizontal"]/div[@class="form-group"]/div[@class="col-sm-6"]/input[@class="form-control ng-pristine ng-untouched ng-valid ng-empty"][count(. | //input[@type = 'text' and @placeholder = 'Телефон']) = count(//input[@type = 'text' and @placeholder = 'Телефон'])]' not found)
[[ATTACHMENT|C:\\Users\\21529\\Katalon Studio\\First sample\\Reports\\Create new user\\20180206_115246\\1517900011209.png]]]]></system-out>
         <system-err><![CDATA[2018-02-06 11:52:55 - [TEST_CASE][FAILED] - Test Cases/Create user: Test Cases/Create user FAILED because (of) Unable to set text '89655734190' of object 'Object Repository/Users/input_form_Phone' (Root cause: com.kms.katalon.core.webui.exception.WebElementNotFoundException: Web element with id: 'Object Repository/Users/input_form_Phone' located by 'By.xpath: /html[@class="ng-scope"]/body[@class="modal-open"]/div[@class="modal worksheet-edit-form-metadata-window fade ng-scope ng-isolate-scope in"]/div[@class="modal-dialog"]/div[@class="modal-content"]/div[@class="modal-body ng-scope"]/div[@class="tab-content ng-scope"]/simple-reg[@class="ng-scope ng-isolate-scope"]/div[@class="row"]/div[@class="col-md-6"]/div[@class="panel panel-default"]/div[@class="panel-body form-horizontal"]/div[@class="form-group"]/div[@class="col-sm-6"]/input[@class="form-control ng-pristine ng-untouched ng-valid ng-empty"][count(. | //input[@type = 'text' and @placeholder = 'Телефон']) = count(//input[@type = 'text' and @placeholder = 'Телефон'])]' not found)]]></system-err>
      </testcase>
      <system-out><![CDATA[2018-02-06 11:52:47 - [TEST_SUITE][FAILED] - Create new user: Test Cases/Create user FAILED because (of) Unable to set text '89655734190' of object 'Object Repository/Users/input_form_Phone' (Root cause: com.kms.katalon.core.webui.exception.WebElementNotFoundException: Web element with id: 'Object Repository/Users/input_form_Phone' located by 'By.xpath: /html[@class="ng-scope"]/body[@class="modal-open"]/div[@class="modal worksheet-edit-form-metadata-window fade ng-scope ng-isolate-scope in"]/div[@class="modal-dialog"]/div[@class="modal-content"]/div[@class="modal-body ng-scope"]/div[@class="tab-content ng-scope"]/simple-reg[@class="ng-scope ng-isolate-scope"]/div[@class="row"]/div[@class="col-md-6"]/div[@class="panel panel-default"]/div[@class="panel-body form-horizontal"]/div[@class="form-group"]/div[@class="col-sm-6"]/input[@class="form-control ng-pristine ng-untouched ng-valid ng-empty"][count(. | //input[@type = 'text' and @placeholder = 'Телефон']) = count(//input[@type = 'text' and @placeholder = 'Телефон'])]' not found)]]></system-out>
      <system-err><![CDATA[2018-02-06 11:52:47 - [TEST_SUITE][FAILED] - Create new user: Test Cases/Create user FAILED because (of) Unable to set text '89655734190' of object 'Object Repository/Users/input_form_Phone' (Root cause: com.kms.katalon.core.webui.exception.WebElementNotFoundException: Web element with id: 'Object Repository/Users/input_form_Phone' located by 'By.xpath: /html[@class="ng-scope"]/body[@class="modal-open"]/div[@class="modal worksheet-edit-form-metadata-window fade ng-scope ng-isolate-scope in"]/div[@class="modal-dialog"]/div[@class="modal-content"]/div[@class="modal-body ng-scope"]/div[@class="tab-content ng-scope"]/simple-reg[@class="ng-scope ng-isolate-scope"]/div[@class="row"]/div[@class="col-md-6"]/div[@class="panel panel-default"]/div[@class="panel-body form-horizontal"]/div[@class="form-group"]/div[@class="col-sm-6"]/input[@class="form-control ng-pristine ng-untouched ng-valid ng-empty"][count(. | //input[@type = 'text' and @placeholder = 'Телефон']) = count(//input[@type = 'text' and @placeholder = 'Телефон'])]' not found)]]></system-err>
   </testsuite>
</testsuites>
