<?xml version="1.0" encoding="UTF-8"?>
<testsuites name="Create table" time="59" tests="1" failures="1" errors="0">
   <testsuite name="Create table" tests="1" failures="1" errors="0" time="59" timestamp="2018-04-19 09:15:53" hostname="21529 - ws-3591.oasup.pnppk.ru" id="Test Suites/Create table">
      <properties>
         <property name="deviceName" value=""/>
         <property name="devicePlatform" value=""/>
         <property name="logFolder" value="C:\\Users\\21529\\Katalon Studio\\First sample\\Reports\\Create table\\20180419_091552"/>
         <property name="logFiles" value="C:\\Users\\21529\\Katalon Studio\\First sample\\Reports\\Create table\\20180419_091552\\execution0.log"/>
         <property name="attachments" value="C:\\Users\\21529\\Katalon Studio\\First sample\\Reports\\Create table\\20180419_091552\\1524111411624.png"/>
         <property name="hostName" value="21529 - ws-3591.oasup.pnppk.ru"/>
         <property name="os" value="Windows 7 64bit"/>
         <property name="katalonVersion" value="5.3.1.1"/>
         <property name="browser" value="Chrome 66.0.3359.117"/>
         <property name="hostAddress" value="192.168.11.36"/>
         <property name="sessionId" value="5121bc91112adeca74701d7691fc01d7"/>
         <property name="seleniumVersion" value="3.7.1"/>
         <property name="proxyInformation" value="ProxyInformation{proxyOption=NO_PROXY, proxyServerType=HTTP, password=, proxyServerAddress=, proxyServerPort=0}"/>
         <property name="platform" value="Windows 7"/>
      </properties>
      <testcase name="Test Cases/Authorization_Admin" classname="Test Cases/Authorization_Admin" status="PASSED">
         <system-out><![CDATA[2018-04-19 09:15:53 - [TEST_CASE][PASSED] - Test Cases/Authorization_Admin: Test Cases/Authorization_Admin

2018-04-19 09:15:53 - [TEST_STEP][PASSED] - openBrowser: Browser is opened with url: 'http://vszokdb2:55555/#/login'

2018-04-19 09:16:01 - [MESSAGE][PASSED] - Browser is opened with url: 'http://vszokdb2:55555/#/login'

2018-04-19 09:16:01 - [TEST_STEP][PASSED] - maximizeWindow: Current window maximized

2018-04-19 09:16:02 - [MESSAGE][PASSED] - Current window maximized

2018-04-19 09:16:02 - [TEST_STEP][PASSED] - waitForElementPresent: Object 'Object Repository/Authorization/input_login' is present

2018-04-19 09:16:02 - [MESSAGE][PASSED] - Object 'Object Repository/Authorization/input_login' is present

2018-04-19 09:16:02 - [TEST_STEP][PASSED] - setText: Text '777' is set on object 'Object Repository/Authorization/input_login'

2018-04-19 09:16:02 - [MESSAGE][PASSED] - Text '777' is set on object 'Object Repository/Authorization/input_login'

2018-04-19 09:16:02 - [TEST_STEP][PASSED] - setText: Text '7p15j9w2a' is set on object 'Object Repository/Authorization/input_password'

2018-04-19 09:16:02 - [MESSAGE][PASSED] - Text '7p15j9w2a' is set on object 'Object Repository/Authorization/input_password'

2018-04-19 09:16:02 - [TEST_STEP][PASSED] - click: Object: 'Object Repository/Authorization/btn_login' is clicked on

2018-04-19 09:16:02 - [MESSAGE][PASSED] - Object: 'Object Repository/Authorization/btn_login' is clicked on]]></system-out>
         <system-err><![CDATA[]]></system-err>
      </testcase>
      <testcase name="Test Cases/Create_Table" classname="Test Cases/Create_Table" status="FAILED">
         <failure type="FAILED" message="Unable to click on object 'Object Repository/Table_designer/btn_save_table ' (Root cause: com.kms.katalon.core.webui.exception.WebElementNotFoundException: Web element with id: 'Object Repository/Table_designer/btn_save_table ' located by 'By.xpath: //*[@id=&quot;blockContainer&quot;]/div/div/div/div[2]/div/div[2]/div[2]/div[1]/div[3]/a[1]' not found)"/>
         <system-out><![CDATA[2018-04-19 09:16:02 - [TEST_CASE][FAILED] - Test Cases/Create_Table: Test Cases/Create_Table FAILED because (of) Unable to click on object 'Object Repository/Table_designer/btn_save_table ' (Root cause: com.kms.katalon.core.webui.exception.WebElementNotFoundException: Web element with id: 'Object Repository/Table_designer/btn_save_table ' located by 'By.xpath: //*[@id="blockContainer"]/div/div/div/div[2]/div/div[2]/div[2]/div[1]/div[3]/a[1]' not found)

2018-04-19 09:16:02 - [TEST_STEP][PASSED] - waitForElementPresent: Object 'Object Repository/Table_designer/All_objects' is present

2018-04-19 09:16:08 - [MESSAGE][PASSED] - Object 'Object Repository/Table_designer/All_objects' is present

2018-04-19 09:16:08 - [TEST_STEP][PASSED] - click: Object: 'Object Repository/Table_designer/All_objects' is clicked on

2018-04-19 09:16:08 - [MESSAGE][PASSED] - Object: 'Object Repository/Table_designer/All_objects' is clicked on

2018-04-19 09:16:08 - [TEST_STEP][PASSED] - click: Object: 'Object Repository/Table_designer/btn_create_table' is clicked on

2018-04-19 09:16:09 - [MESSAGE][PASSED] - Object: 'Object Repository/Table_designer/btn_create_table' is clicked on

2018-04-19 09:16:09 - [TEST_STEP][PASSED] - waitForElementPresent: Object 'Object Repository/Table_designer/input_table-name' is present

2018-04-19 09:16:16 - [MESSAGE][PASSED] - Object 'Object Repository/Table_designer/input_table-name' is present

2018-04-19 09:16:16 - [TEST_STEP][PASSED] - setText: Text 'Тестовая таблица' is set on object 'Object Repository/Table_designer/input_table-name'

2018-04-19 09:16:16 - [MESSAGE][PASSED] - Text 'Тестовая таблица' is set on object 'Object Repository/Table_designer/input_table-name'

2018-04-19 09:16:16 - [TEST_STEP][PASSED] - waitForElementPresent: Object 'Object Repository/Table_designer/btn_create_column' is present

2018-04-19 09:16:16 - [MESSAGE][PASSED] - Object 'Object Repository/Table_designer/btn_create_column' is present

2018-04-19 09:16:16 - [TEST_STEP][PASSED] - click: Object: 'Object Repository/Table_designer/btn_create_column' is clicked on

2018-04-19 09:16:16 - [MESSAGE][PASSED] - Object: 'Object Repository/Table_designer/btn_create_column' is clicked on

2018-04-19 09:16:16 - [TEST_STEP][PASSED] - click: Object: 'Object Repository/Table_designer/Column1_id' is clicked on

2018-04-19 09:16:16 - [MESSAGE][PASSED] - Object: 'Object Repository/Table_designer/Column1_id' is clicked on

2018-04-19 09:16:16 - [TEST_STEP][PASSED] - click: Object: 'Object Repository/Table_designer/input_name' is clicked on

2018-04-19 09:16:16 - [MESSAGE][PASSED] - Object: 'Object Repository/Table_designer/input_name' is clicked on

2018-04-19 09:16:16 - [TEST_STEP][PASSED] - setText: Text 'Номер по порядку' is set on object 'Object Repository/Table_designer/input_name'

2018-04-19 09:16:17 - [MESSAGE][PASSED] - Text 'Номер по порядку' is set on object 'Object Repository/Table_designer/input_name'

2018-04-19 09:16:17 - [TEST_STEP][PASSED] - click: Object: 'Object Repository/Table_designer/Span_field_types' is clicked on

2018-04-19 09:16:17 - [MESSAGE][PASSED] - Object: 'Object Repository/Table_designer/Span_field_types' is clicked on

2018-04-19 09:16:17 - [TEST_STEP][PASSED] - click: Object: 'Object Repository/Table_designer/Choose_integer' is clicked on

2018-04-19 09:16:17 - [MESSAGE][PASSED] - Object: 'Object Repository/Table_designer/Choose_integer' is clicked on

2018-04-19 09:16:17 - [TEST_STEP][PASSED] - click: Object: 'Object Repository/Table_designer/btn_create_column' is clicked on

2018-04-19 09:16:17 - [MESSAGE][PASSED] - Object: 'Object Repository/Table_designer/btn_create_column' is clicked on

2018-04-19 09:16:17 - [TEST_STEP][PASSED] - click: Object: 'Object Repository/Table_designer/Column2_string' is clicked on

2018-04-19 09:16:17 - [MESSAGE][PASSED] - Object: 'Object Repository/Table_designer/Column2_string' is clicked on

2018-04-19 09:16:17 - [TEST_STEP][PASSED] - setText: Text 'Строка' is set on object 'Object Repository/Table_designer/input_name'

2018-04-19 09:16:17 - [MESSAGE][PASSED] - Text 'Строка' is set on object 'Object Repository/Table_designer/input_name'

2018-04-19 09:16:17 - [TEST_STEP][PASSED] - click: Object: 'Object Repository/Table_designer/btn_create_column_group' is clicked on

2018-04-19 09:16:17 - [MESSAGE][PASSED] - Object: 'Object Repository/Table_designer/btn_create_column_group' is clicked on

2018-04-19 09:16:17 - [TEST_STEP][PASSED] - click: Object: 'Object Repository/Table_designer/column_group' is clicked on

2018-04-19 09:16:17 - [MESSAGE][PASSED] - Object: 'Object Repository/Table_designer/column_group' is clicked on

2018-04-19 09:16:17 - [TEST_STEP][PASSED] - click: Object: 'Object Repository/Table_designer/btn_create_internal_column' is clicked on

2018-04-19 09:16:17 - [MESSAGE][PASSED] - Object: 'Object Repository/Table_designer/btn_create_internal_column' is clicked on

2018-04-19 09:16:17 - [TEST_STEP][PASSED] - click: Object: 'Object Repository/Table_designer/New_column_click' is clicked on

2018-04-19 09:16:17 - [MESSAGE][PASSED] - Object: 'Object Repository/Table_designer/New_column_click' is clicked on

2018-04-19 09:16:17 - [TEST_STEP][PASSED] - setText: Text 'Текст' is set on object 'Object Repository/Table_designer/input_name'

2018-04-19 09:16:18 - [MESSAGE][PASSED] - Text 'Текст' is set on object 'Object Repository/Table_designer/input_name'

2018-04-19 09:16:18 - [TEST_STEP][PASSED] - click: Object: 'Object Repository/Table_designer/Span_field_types' is clicked on

2018-04-19 09:16:18 - [MESSAGE][PASSED] - Object: 'Object Repository/Table_designer/Span_field_types' is clicked on

2018-04-19 09:16:18 - [TEST_STEP][PASSED] - click: Object: 'Object Repository/Table_designer/Choose_multitext' is clicked on

2018-04-19 09:16:18 - [MESSAGE][PASSED] - Object: 'Object Repository/Table_designer/Choose_multitext' is clicked on

2018-04-19 09:16:18 - [TEST_STEP][PASSED] - click: Object: 'Object Repository/Table_designer/Pre_column' is clicked on

2018-04-19 09:16:18 - [MESSAGE][PASSED] - Object: 'Object Repository/Table_designer/Pre_column' is clicked on

2018-04-19 09:16:18 - [TEST_STEP][PASSED] - click: Object: 'Object Repository/Table_designer/column_group' is clicked on

2018-04-19 09:16:18 - [MESSAGE][PASSED] - Object: 'Object Repository/Table_designer/column_group' is clicked on

2018-04-19 09:16:18 - [TEST_STEP][PASSED] - click: Object: 'Object Repository/Table_designer/btn_create_internal_column' is clicked on

2018-04-19 09:16:18 - [MESSAGE][PASSED] - Object: 'Object Repository/Table_designer/btn_create_internal_column' is clicked on

2018-04-19 09:16:18 - [TEST_STEP][PASSED] - click: Object: 'Object Repository/Table_designer/New_column_click' is clicked on

2018-04-19 09:16:18 - [MESSAGE][PASSED] - Object: 'Object Repository/Table_designer/New_column_click' is clicked on

2018-04-19 09:16:18 - [TEST_STEP][PASSED] - setText: Text 'Вещественное' is set on object 'Object Repository/Table_designer/input_name'

2018-04-19 09:16:18 - [MESSAGE][PASSED] - Text 'Вещественное' is set on object 'Object Repository/Table_designer/input_name'

2018-04-19 09:16:18 - [TEST_STEP][PASSED] - click: Object: 'Object Repository/Table_designer/Span_field_types' is clicked on

2018-04-19 09:16:18 - [MESSAGE][PASSED] - Object: 'Object Repository/Table_designer/Span_field_types' is clicked on

2018-04-19 09:16:18 - [TEST_STEP][PASSED] - click: Object: 'Object Repository/Table_designer/Choose_real' is clicked on

2018-04-19 09:16:18 - [MESSAGE][PASSED] - Object: 'Object Repository/Table_designer/Choose_real' is clicked on

2018-04-19 09:16:18 - [TEST_STEP][PASSED] - click: Object: 'Object Repository/Table_designer/column_group' is clicked on

2018-04-19 09:16:18 - [MESSAGE][PASSED] - Object: 'Object Repository/Table_designer/column_group' is clicked on

2018-04-19 09:16:18 - [TEST_STEP][PASSED] - click: Object: 'Object Repository/Table_designer/btn_create_internal_column' is clicked on

2018-04-19 09:16:18 - [MESSAGE][PASSED] - Object: 'Object Repository/Table_designer/btn_create_internal_column' is clicked on

2018-04-19 09:16:18 - [TEST_STEP][PASSED] - click: Object: 'Object Repository/Table_designer/New_column_click' is clicked on

2018-04-19 09:16:18 - [MESSAGE][PASSED] - Object: 'Object Repository/Table_designer/New_column_click' is clicked on

2018-04-19 09:16:18 - [TEST_STEP][PASSED] - setText: Text 'Дата' is set on object 'Object Repository/Table_designer/input_name'

2018-04-19 09:16:19 - [MESSAGE][PASSED] - Text 'Дата' is set on object 'Object Repository/Table_designer/input_name'

2018-04-19 09:16:19 - [TEST_STEP][PASSED] - click: Object: 'Object Repository/Table_designer/Span_field_types' is clicked on

2018-04-19 09:16:19 - [MESSAGE][PASSED] - Object: 'Object Repository/Table_designer/Span_field_types' is clicked on

2018-04-19 09:16:19 - [TEST_STEP][PASSED] - click: Object: 'Object Repository/Table_designer/Choose_date' is clicked on

2018-04-19 09:16:19 - [MESSAGE][PASSED] - Object: 'Object Repository/Table_designer/Choose_date' is clicked on

2018-04-19 09:16:19 - [TEST_STEP][PASSED] - click: Object: 'Object Repository/Table_designer/column_group' is clicked on

2018-04-19 09:16:19 - [MESSAGE][PASSED] - Object: 'Object Repository/Table_designer/column_group' is clicked on

2018-04-19 09:16:19 - [TEST_STEP][PASSED] - click: Object: 'Object Repository/Table_designer/Pre_column' is clicked on

2018-04-19 09:16:19 - [MESSAGE][PASSED] - Object: 'Object Repository/Table_designer/Pre_column' is clicked on

2018-04-19 09:16:19 - [TEST_STEP][PASSED] - click: Object: 'Object Repository/Table_designer/btn_create_internal_column' is clicked on

2018-04-19 09:16:19 - [MESSAGE][PASSED] - Object: 'Object Repository/Table_designer/btn_create_internal_column' is clicked on

2018-04-19 09:16:19 - [TEST_STEP][PASSED] - click: Object: 'Object Repository/Table_designer/New_column_click' is clicked on

2018-04-19 09:16:19 - [MESSAGE][PASSED] - Object: 'Object Repository/Table_designer/New_column_click' is clicked on

2018-04-19 09:16:19 - [TEST_STEP][PASSED] - setText: Text 'Дата и время' is set on object 'Object Repository/Table_designer/input_name'

2018-04-19 09:16:19 - [MESSAGE][PASSED] - Text 'Дата и время' is set on object 'Object Repository/Table_designer/input_name'

2018-04-19 09:16:19 - [TEST_STEP][PASSED] - click: Object: 'Object Repository/Table_designer/Span_field_types' is clicked on

2018-04-19 09:16:19 - [MESSAGE][PASSED] - Object: 'Object Repository/Table_designer/Span_field_types' is clicked on

2018-04-19 09:16:19 - [TEST_STEP][PASSED] - click: Object: 'Object Repository/Table_designer/Choose_date_time' is clicked on

2018-04-19 09:16:19 - [MESSAGE][PASSED] - Object: 'Object Repository/Table_designer/Choose_date_time' is clicked on

2018-04-19 09:16:19 - [TEST_STEP][PASSED] - click: Object: 'Object Repository/Table_designer/Pre_column' is clicked on

2018-04-19 09:16:19 - [MESSAGE][PASSED] - Object: 'Object Repository/Table_designer/Pre_column' is clicked on

2018-04-19 09:16:19 - [TEST_STEP][PASSED] - click: Object: 'Object Repository/Table_designer/column_group' is clicked on

2018-04-19 09:16:19 - [MESSAGE][PASSED] - Object: 'Object Repository/Table_designer/column_group' is clicked on

2018-04-19 09:16:19 - [TEST_STEP][PASSED] - click: Object: 'Object Repository/Table_designer/btn_create_internal_column' is clicked on

2018-04-19 09:16:20 - [MESSAGE][PASSED] - Object: 'Object Repository/Table_designer/btn_create_internal_column' is clicked on

2018-04-19 09:16:20 - [TEST_STEP][PASSED] - click: Object: 'Object Repository/Table_designer/New_column_click' is clicked on

2018-04-19 09:16:20 - [MESSAGE][PASSED] - Object: 'Object Repository/Table_designer/New_column_click' is clicked on

2018-04-19 09:16:20 - [TEST_STEP][PASSED] - setText: Text 'Логический' is set on object 'Object Repository/Table_designer/input_name'

2018-04-19 09:16:20 - [MESSAGE][PASSED] - Text 'Логический' is set on object 'Object Repository/Table_designer/input_name'

2018-04-19 09:16:20 - [TEST_STEP][PASSED] - click: Object: 'Object Repository/Table_designer/Span_field_types' is clicked on

2018-04-19 09:16:20 - [MESSAGE][PASSED] - Object: 'Object Repository/Table_designer/Span_field_types' is clicked on

2018-04-19 09:16:20 - [TEST_STEP][PASSED] - click: Object: 'Object Repository/Table_designer/Choose_logic' is clicked on

2018-04-19 09:16:20 - [MESSAGE][PASSED] - Object: 'Object Repository/Table_designer/Choose_logic' is clicked on

2018-04-19 09:16:20 - [TEST_STEP][PASSED] - click: Object: 'Object Repository/Table_designer/Pre_column' is clicked on

2018-04-19 09:16:20 - [MESSAGE][PASSED] - Object: 'Object Repository/Table_designer/Pre_column' is clicked on

2018-04-19 09:16:20 - [TEST_STEP][PASSED] - click: Object: 'Object Repository/Table_designer/column_group' is clicked on

2018-04-19 09:16:20 - [MESSAGE][PASSED] - Object: 'Object Repository/Table_designer/column_group' is clicked on

2018-04-19 09:16:20 - [TEST_STEP][PASSED] - click: Object: 'Object Repository/Table_designer/btn_create_internal_column' is clicked on

2018-04-19 09:16:20 - [MESSAGE][PASSED] - Object: 'Object Repository/Table_designer/btn_create_internal_column' is clicked on

2018-04-19 09:16:20 - [TEST_STEP][PASSED] - click: Object: 'Object Repository/Table_designer/New_column_click' is clicked on

2018-04-19 09:16:20 - [MESSAGE][PASSED] - Object: 'Object Repository/Table_designer/New_column_click' is clicked on

2018-04-19 09:16:20 - [TEST_STEP][PASSED] - setText: Text 'Файл' is set on object 'Object Repository/Table_designer/input_name'

2018-04-19 09:16:20 - [MESSAGE][PASSED] - Text 'Файл' is set on object 'Object Repository/Table_designer/input_name'

2018-04-19 09:16:20 - [TEST_STEP][PASSED] - click: Object: 'Object Repository/Table_designer/Span_field_types' is clicked on

2018-04-19 09:16:20 - [MESSAGE][PASSED] - Object: 'Object Repository/Table_designer/Span_field_types' is clicked on

2018-04-19 09:16:20 - [TEST_STEP][PASSED] - click: Object: 'Object Repository/Table_designer/Choose_file' is clicked on

2018-04-19 09:16:20 - [MESSAGE][PASSED] - Object: 'Object Repository/Table_designer/Choose_file' is clicked on

2018-04-19 09:16:20 - [TEST_STEP][FAILED] - click: Unable to click on object 'Object Repository/Table_designer/btn_save_table ' (Root cause: com.kms.katalon.core.webui.exception.WebElementNotFoundException: Web element with id: 'Object Repository/Table_designer/btn_save_table ' located by 'By.xpath: //*[@id="blockContainer"]/div/div/div/div[2]/div/div[2]/div[2]/div[1]/div[3]/a[1]' not found)

2018-04-19 09:16:51 - [MESSAGE][FAILED] - Unable to click on object 'Object Repository/Table_designer/btn_save_table ' (Root cause: com.kms.katalon.core.webui.exception.WebElementNotFoundException: Web element with id: 'Object Repository/Table_designer/btn_save_table ' located by 'By.xpath: //*[@id="blockContainer"]/div/div/div/div[2]/div/div[2]/div[2]/div[1]/div[3]/a[1]' not found)
[[ATTACHMENT|C:\\Users\\21529\\Katalon Studio\\First sample\\Reports\\Create table\\20180419_091552\\1524111411624.png]]]]></system-out>
         <system-err><![CDATA[2018-04-19 09:16:02 - [TEST_CASE][FAILED] - Test Cases/Create_Table: Test Cases/Create_Table FAILED because (of) Unable to click on object 'Object Repository/Table_designer/btn_save_table ' (Root cause: com.kms.katalon.core.webui.exception.WebElementNotFoundException: Web element with id: 'Object Repository/Table_designer/btn_save_table ' located by 'By.xpath: //*[@id="blockContainer"]/div/div/div/div[2]/div/div[2]/div[2]/div[1]/div[3]/a[1]' not found)]]></system-err>
      </testcase>
      <system-out><![CDATA[2018-04-19 09:15:53 - [TEST_SUITE][FAILED] - Create table: Test Cases/Create_Table FAILED because (of) Unable to click on object 'Object Repository/Table_designer/btn_save_table ' (Root cause: com.kms.katalon.core.webui.exception.WebElementNotFoundException: Web element with id: 'Object Repository/Table_designer/btn_save_table ' located by 'By.xpath: //*[@id="blockContainer"]/div/div/div/div[2]/div/div[2]/div[2]/div[1]/div[3]/a[1]' not found)]]></system-out>
      <system-err><![CDATA[2018-04-19 09:15:53 - [TEST_SUITE][FAILED] - Create table: Test Cases/Create_Table FAILED because (of) Unable to click on object 'Object Repository/Table_designer/btn_save_table ' (Root cause: com.kms.katalon.core.webui.exception.WebElementNotFoundException: Web element with id: 'Object Repository/Table_designer/btn_save_table ' located by 'By.xpath: //*[@id="blockContainer"]/div/div/div/div[2]/div/div[2]/div[2]/div[1]/div[3]/a[1]' not found)]]></system-err>
   </testsuite>
</testsuites>
