<?xml version="1.0" encoding="UTF-8"?>
<testsuites name="Create table" time="45" tests="1" failures="1" errors="0">
   <testsuite name="Create table" tests="1" failures="1" errors="0" time="45" timestamp="2018-02-20 17:24:55" hostname="21529 - ws-3591.oasup.pnppk.ru" id="Test Suites/Create table">
      <properties>
         <property name="deviceName" value=""/>
         <property name="devicePlatform" value=""/>
         <property name="logFolder" value="C:\\Users\\21529\\Katalon Studio\\First sample\\Reports\\Create table\\20180220_172454"/>
         <property name="logFiles" value="C:\\Users\\21529\\Katalon Studio\\First sample\\Reports\\Create table\\20180220_172454\\execution0.log"/>
         <property name="attachments" value="C:\\Users\\21529\\Katalon Studio\\First sample\\Reports\\Create table\\20180220_172454\\1519129540502.png"/>
         <property name="hostName" value="21529 - ws-3591.oasup.pnppk.ru"/>
         <property name="os" value="Windows 7 64bit"/>
         <property name="katalonVersion" value="5.3.0.1"/>
         <property name="browser" value="Chrome 63.0.3239.132"/>
         <property name="hostAddress" value="192.168.11.79"/>
         <property name="sessionId" value="73d9f2d8f4be0483562e50c3e9a322da"/>
         <property name="seleniumVersion" value="3.7.1"/>
         <property name="proxyInformation" value="ProxyInformation{proxyOption=NO_PROXY, proxyServerType=HTTP, password=, proxyServerAddress=, proxyServerPort=0}"/>
         <property name="platform" value="Windows 7"/>
      </properties>
      <testcase name="Test Cases/Authorization_Admin" classname="Test Cases/Authorization_Admin" status="PASSED">
         <system-out><![CDATA[2018-02-20 17:24:55 - [TEST_CASE][PASSED] - Test Cases/Authorization_Admin: Test Cases/Authorization_Admin

2018-02-20 17:24:56 - [TEST_STEP][PASSED] - openBrowser: Browser is opened with url: 'http://vszokdb2:55555/#/login'

2018-02-20 17:25:00 - [MESSAGE][PASSED] - Browser is opened with url: 'http://vszokdb2:55555/#/login'

2018-02-20 17:25:00 - [TEST_STEP][PASSED] - maximizeWindow: Current window maximized

2018-02-20 17:25:01 - [MESSAGE][PASSED] - Current window maximized

2018-02-20 17:25:01 - [TEST_STEP][PASSED] - waitForElementPresent: Object 'Object Repository/Authorization/input_login' is present

2018-02-20 17:25:01 - [MESSAGE][PASSED] - Object 'Object Repository/Authorization/input_login' is present

2018-02-20 17:25:01 - [TEST_STEP][PASSED] - setText: Text '777' is set on object 'Object Repository/Authorization/input_login'

2018-02-20 17:25:01 - [MESSAGE][PASSED] - Text '777' is set on object 'Object Repository/Authorization/input_login'

2018-02-20 17:25:01 - [TEST_STEP][PASSED] - setText: Text '7p15j9w2a' is set on object 'Object Repository/Authorization/input_password'

2018-02-20 17:25:01 - [MESSAGE][PASSED] - Text '7p15j9w2a' is set on object 'Object Repository/Authorization/input_password'

2018-02-20 17:25:01 - [TEST_STEP][PASSED] - click: Object: 'Object Repository/Authorization/btn_login' is clicked on

2018-02-20 17:25:01 - [MESSAGE][PASSED] - Object: 'Object Repository/Authorization/btn_login' is clicked on]]></system-out>
         <system-err><![CDATA[]]></system-err>
      </testcase>
      <testcase name="Test Cases/Create_Table" classname="Test Cases/Create_Table" status="FAILED">
         <failure type="FAILED" message="Unable to click on object 'Object Repository/Table_designer/btn_create_table' (Root cause: com.kms.katalon.core.webui.exception.WebElementNotFoundException: Web element with id: 'Object Repository/Table_designer/btn_create_table' located by 'By.xpath: //a[contains(@class, 'btn-primary')][@href=&quot;#/admin/tablebuilder/structure/&quot;]' not found)"/>
         <system-out><![CDATA[2018-02-20 17:25:01 - [TEST_CASE][FAILED] - Test Cases/Create_Table: Test Cases/Create_Table FAILED because (of) Unable to click on object 'Object Repository/Table_designer/btn_create_table' (Root cause: com.kms.katalon.core.webui.exception.WebElementNotFoundException: Web element with id: 'Object Repository/Table_designer/btn_create_table' located by 'By.xpath: //a[contains(@class, 'btn-primary')][@href="#/admin/tablebuilder/structure/"]' not found)

2018-02-20 17:25:02 - [TEST_STEP][PASSED] - navigateToUrl: Navigate to 'http://vszokdb2:55555/#/admin/data/hierarchy' successfully

2018-02-20 17:25:03 - [MESSAGE][PASSED] - Navigate to 'http://vszokdb2:55555/#/admin/data/hierarchy' successfully

2018-02-20 17:25:03 - [TEST_STEP][PASSED] - waitForElementPresent: Object 'Object Repository/Table_designer/All_objects' is present

2018-02-20 17:25:08 - [MESSAGE][PASSED] - Object 'Object Repository/Table_designer/All_objects' is present

2018-02-20 17:25:08 - [TEST_STEP][PASSED] - click: Object: 'Object Repository/Table_designer/All_objects' is clicked on

2018-02-20 17:25:08 - [MESSAGE][PASSED] - Object: 'Object Repository/Table_designer/All_objects' is clicked on

2018-02-20 17:25:08 - [TEST_STEP][FAILED] - click: Unable to click on object 'Object Repository/Table_designer/btn_create_table' (Root cause: com.kms.katalon.core.webui.exception.WebElementNotFoundException: Web element with id: 'Object Repository/Table_designer/btn_create_table' located by 'By.xpath: //a[contains(@class, 'btn-primary')][@href="#/admin/tablebuilder/structure/"]' not found)

2018-02-20 17:25:40 - [MESSAGE][FAILED] - Unable to click on object 'Object Repository/Table_designer/btn_create_table' (Root cause: com.kms.katalon.core.webui.exception.WebElementNotFoundException: Web element with id: 'Object Repository/Table_designer/btn_create_table' located by 'By.xpath: //a[contains(@class, 'btn-primary')][@href="#/admin/tablebuilder/structure/"]' not found)
[[ATTACHMENT|C:\\Users\\21529\\Katalon Studio\\First sample\\Reports\\Create table\\20180220_172454\\1519129540502.png]]]]></system-out>
         <system-err><![CDATA[2018-02-20 17:25:01 - [TEST_CASE][FAILED] - Test Cases/Create_Table: Test Cases/Create_Table FAILED because (of) Unable to click on object 'Object Repository/Table_designer/btn_create_table' (Root cause: com.kms.katalon.core.webui.exception.WebElementNotFoundException: Web element with id: 'Object Repository/Table_designer/btn_create_table' located by 'By.xpath: //a[contains(@class, 'btn-primary')][@href="#/admin/tablebuilder/structure/"]' not found)]]></system-err>
      </testcase>
      <system-out><![CDATA[2018-02-20 17:24:55 - [TEST_SUITE][FAILED] - Create table: Test Cases/Create_Table FAILED because (of) Unable to click on object 'Object Repository/Table_designer/btn_create_table' (Root cause: com.kms.katalon.core.webui.exception.WebElementNotFoundException: Web element with id: 'Object Repository/Table_designer/btn_create_table' located by 'By.xpath: //a[contains(@class, 'btn-primary')][@href="#/admin/tablebuilder/structure/"]' not found)]]></system-out>
      <system-err><![CDATA[2018-02-20 17:24:55 - [TEST_SUITE][FAILED] - Create table: Test Cases/Create_Table FAILED because (of) Unable to click on object 'Object Repository/Table_designer/btn_create_table' (Root cause: com.kms.katalon.core.webui.exception.WebElementNotFoundException: Web element with id: 'Object Repository/Table_designer/btn_create_table' located by 'By.xpath: //a[contains(@class, 'btn-primary')][@href="#/admin/tablebuilder/structure/"]' not found)]]></system-err>
   </testsuite>
</testsuites>
