<?xml version="1.0" encoding="UTF-8"?>
<testsuites name="Create new Role" time="12" tests="2" failures="0" errors="0">
   <testsuite name="Create new Role" tests="2" failures="0" errors="0" time="12" timestamp="2018-02-19 10:47:09" hostname="21529 - ws-3591.oasup.pnppk.ru" id="Test Suites/Create new Role">
      <properties>
         <property name="deviceName" value=""/>
         <property name="devicePlatform" value=""/>
         <property name="logFolder" value="C:\\Users\\21529\\Katalon Studio\\First sample\\Reports\\Create new Role\\20180219_104708"/>
         <property name="logFiles" value="C:\\Users\\21529\\Katalon Studio\\First sample\\Reports\\Create new Role\\20180219_104708\\execution0.log"/>
         <property name="attachments" value=""/>
         <property name="hostName" value="21529 - ws-3591.oasup.pnppk.ru"/>
         <property name="os" value="Windows 7 64bit"/>
         <property name="katalonVersion" value="5.3.0.1"/>
         <property name="browser" value="Chrome 63.0.3239.132"/>
         <property name="hostAddress" value="192.168.11.160"/>
         <property name="sessionId" value="a3a0e4dfb707ba9af3ef1d8fbf1df263"/>
         <property name="seleniumVersion" value="3.7.1"/>
         <property name="proxyInformation" value="ProxyInformation{proxyOption=NO_PROXY, proxyServerType=HTTP, password=, proxyServerAddress=, proxyServerPort=0}"/>
         <property name="platform" value="Windows 7"/>
      </properties>
      <testcase name="Test Cases/Authorization_Admin" classname="Test Cases/Authorization_Admin" status="PASSED">
         <system-out><![CDATA[2018-02-19 10:47:09 - [TEST_CASE][PASSED] - Test Cases/Authorization_Admin: Test Cases/Authorization_Admin

2018-02-19 10:47:09 - [TEST_STEP][PASSED] - openBrowser: Browser is opened with url: 'http://vszokdb2:55555/#/login'

2018-02-19 10:47:13 - [MESSAGE][PASSED] - Browser is opened with url: 'http://vszokdb2:55555/#/login'

2018-02-19 10:47:13 - [TEST_STEP][PASSED] - maximizeWindow: Current window maximized

2018-02-19 10:47:15 - [MESSAGE][PASSED] - Current window maximized

2018-02-19 10:47:15 - [TEST_STEP][PASSED] - waitForElementPresent: Object 'Object Repository/Authorization/input_login' is present

2018-02-19 10:47:15 - [MESSAGE][PASSED] - Object 'Object Repository/Authorization/input_login' is present

2018-02-19 10:47:15 - [TEST_STEP][PASSED] - setText: Text '777' is set on object 'Object Repository/Authorization/input_login'

2018-02-19 10:47:15 - [MESSAGE][PASSED] - Text '777' is set on object 'Object Repository/Authorization/input_login'

2018-02-19 10:47:15 - [TEST_STEP][PASSED] - setText: Text '7p15j9w2a' is set on object 'Object Repository/Authorization/input_password'

2018-02-19 10:47:15 - [MESSAGE][PASSED] - Text '7p15j9w2a' is set on object 'Object Repository/Authorization/input_password'

2018-02-19 10:47:15 - [TEST_STEP][PASSED] - click: Object: 'Object Repository/Authorization/btn_login' is clicked on

2018-02-19 10:47:15 - [MESSAGE][PASSED] - Object: 'Object Repository/Authorization/btn_login' is clicked on]]></system-out>
         <system-err><![CDATA[]]></system-err>
      </testcase>
      <testcase name="Test Cases/Create_Role" classname="Test Cases/Create_Role" status="PASSED">
         <system-out><![CDATA[2018-02-19 10:47:15 - [TEST_CASE][PASSED] - Test Cases/Create_Role: Test Cases/Create_Role

2018-02-19 10:47:15 - [TEST_STEP][PASSED] - navigateToUrl: Navigate to 'http://vszokdb2:55555/#/admin/data/hierarchy' successfully

2018-02-19 10:47:15 - [MESSAGE][PASSED] - Navigate to 'http://vszokdb2:55555/#/admin/data/hierarchy' successfully

2018-02-19 10:47:15 - [TEST_STEP][PASSED] - waitForElementPresent: Object 'Object Repository/Roles/span_Roles' is present

2018-02-19 10:47:16 - [MESSAGE][PASSED] - Object 'Object Repository/Roles/span_Roles' is present

2018-02-19 10:47:16 - [TEST_STEP][PASSED] - click: Object: 'Object Repository/Roles/span_Roles' is clicked on

2018-02-19 10:47:16 - [MESSAGE][PASSED] - Object: 'Object Repository/Roles/span_Roles' is clicked on

2018-02-19 10:47:16 - [TEST_STEP][PASSED] - waitForElementPresent: Object 'Object Repository/Roles/btn_create' is present

2018-02-19 10:47:19 - [MESSAGE][PASSED] - Object 'Object Repository/Roles/btn_create' is present

2018-02-19 10:47:19 - [TEST_STEP][PASSED] - click: Object: 'Object Repository/Roles/btn_create' is clicked on

2018-02-19 10:47:19 - [MESSAGE][PASSED] - Object: 'Object Repository/Roles/btn_create' is clicked on

2018-02-19 10:47:19 - [TEST_STEP][PASSED] - click: Object: 'Object Repository/Roles/input_form_RoleName' is clicked on

2018-02-19 10:47:20 - [MESSAGE][PASSED] - Object: 'Object Repository/Roles/input_form_RoleName' is clicked on

2018-02-19 10:47:20 - [TEST_STEP][PASSED] - setText: Text 'Тестовая роль Katalon' is set on object 'Object Repository/Roles/input_form_RoleName'

2018-02-19 10:47:20 - [MESSAGE][PASSED] - Text 'Тестовая роль Katalon' is set on object 'Object Repository/Roles/input_form_RoleName'

2018-02-19 10:47:20 - [TEST_STEP][PASSED] - click: Object: 'Object Repository/Roles/button_Ok' is clicked on

2018-02-19 10:47:20 - [MESSAGE][PASSED] - Object: 'Object Repository/Roles/button_Ok' is clicked on

2018-02-19 10:47:20 - [TEST_STEP][PASSED] - waitForElementPresent: Object 'Object Repository/Roles/btn_create' is present

2018-02-19 10:47:21 - [MESSAGE][PASSED] - Object 'Object Repository/Roles/btn_create' is present

2018-02-19 10:47:21 - [TEST_STEP][PASSED] - click: Object: 'Object Repository/Roles/button_save' is clicked on

2018-02-19 10:47:21 - [MESSAGE][PASSED] - Object: 'Object Repository/Roles/button_save' is clicked on]]></system-out>
         <system-err><![CDATA[]]></system-err>
      </testcase>
      <system-out><![CDATA[2018-02-19 10:47:09 - [TEST_SUITE][PASSED] - Create new Role: Test Cases/Create_Role]]></system-out>
      <system-err><![CDATA[]]></system-err>
   </testsuite>
</testsuites>
